<?xml version="1.0" encoding="utf-8"?>
<test-run id="2" testcasecount="223" result="Failed(Child)" total="223" passed="210" failed="11" inconclusive="0" skipped="2" asserts="0" engine-version="3.5.0.0" clr-version="4.0.30319.42000" start-time="2026-09-23 14:49:42Z" end-time="2026-09-23 14:49:43Z" duration="1.0486286">
  <test-suite type="TestSuite" id="1000" name="Starfall Dynasty" fullname="Starfall Dynasty" runstate="Runnable" testcasecount="223" result="Failed" site="Child" start-time="2026-09-23 14:49:42Z" end-time="2026-09-23 14:49:43Z" duration="1.048629" total="223" passed="210" failed="11" inconclusive="0" skipped="2" asserts="0">
    <properties>
      <property name="platform" value="EditMode" />
    </properties>
    <failure>
      <message><![CDATA[One or more child tests had errors]]></message>
    </failure>
    <test-suite type="Assembly" id="1254" name="Starfall.Tests.EditMode.dll" fullname="C:/WorkSpace/SpaceHistoric/client/Library/ScriptAssemblies/Starfall.Tests.EditMode.dll" runstate="Runnable" testcasecount="223" result="Failed" site="Child" start-time="2026-09-23 14:49:42Z" end-time="2026-09-23 14:49:43Z" duration="1.040652" total="223" passed="210" failed="11" inconclusive="0" skipped="2" asserts="0">
      <properties>
        <property name="_PID" value="14572" />
        <property name="_APPDOMAIN" value="Unity Child Domain" />
        <property name="platform" value="EditMode" />
        <property name="EditorOnly" value="True" />
      </properties>
      <failure>
        <message><![CDATA[One or more child tests had errors]]></message>
      </failure>
      <test-suite type="TestSuite" id="1255" name="Starfall" fullname="Starfall" runstate="Runnable" testcasecount="223" result="Failed" site="Child" start-time="2026-09-23 14:49:42Z" end-time="2026-09-23 14:49:43Z" duration="1.038692" total="223" passed="210" failed="11" inconclusive="0" skipped="2" asserts="0">
        <properties />
        <failure>
          <message><![CDATA[One or more child tests had errors]]></message>
        </failure>
        <test-suite type="TestSuite" id="1256" name="Tests" fullname="Starfall.Tests" runstate="Runnable" testcasecount="223" result="Failed" site="Child" start-time="2026-09-23 14:49:42Z" end-time="2026-09-23 14:49:43Z" duration="1.037102" total="223" passed="210" failed="11" inconclusive="0" skipped="2" asserts="0">
          <properties />
          <failure>
            <message><![CDATA[One or more child tests had errors]]></message>
          </failure>
          <test-suite type="TestSuite" id="1257" name="EditMode" fullname="Starfall.Tests.EditMode" runstate="Runnable" testcasecount="223" result="Failed" site="Child" start-time="2026-09-23 14:49:42Z" end-time="2026-09-23 14:49:43Z" duration="1.035387" total="223" passed="210" failed="11" inconclusive="0" skipped="2" asserts="0">
            <properties />
            <failure>
              <message><![CDATA[One or more child tests had errors]]></message>
            </failure>
            <test-suite type="TestFixture" id="1001" name="ContractFixtureTests" fullname="Starfall.Tests.EditMode.ContractFixtureTests" classname="Starfall.Tests.EditMode.ContractFixtureTests" runstate="Runnable" testcasecount="68" result="Passed" start-time="2026-09-23 14:49:42Z" end-time="2026-09-23 14:49:42Z" duration="0.368533" total="68" passed="68" failed="0" inconclusive="0" skipped="0" asserts="0">
              <properties />
              <test-case id="1067" name="ClientDataCopy_MatchesRepositoryOriginal" fullname="Starfall.Tests.EditMode.ContractFixtureTests.ClientDataCopy_MatchesRepositoryOriginal" methodname="ClientDataCopy_MatchesRepositoryOriginal" classname="Starfall.Tests.EditMode.ContractFixtureTests" runstate="Runnable" seed="1821941327" result="Passed" start-time="2026-09-23 14:49:42Z" end-time="2026-09-23 14:49:42Z" duration="0.019131" asserts="0">
                <properties>
                  <property name="retryIteration" value="0" />
                  <property name="repeatIteration" value="0" />
                </properties>
                <output><![CDATA[movement\sync-tuning.json : original 7fcce19d8874e4ba35eb465de579eb7be8fe0b1936d6ed2f876f99c692d84fa0 / copy 7fcce19d8874e4ba35eb465de579eb7be8fe0b1936d6ed2f876f99c692d84fa0
ships\scout-s01.json : original 5c6621c672fe38cbe4d3006535eee5a54e88d2368c951e52c4dcc00ca795f597 / copy 5c6621c672fe38cbe4d3006535eee5a54e88d2368c951e52c4dcc00ca795f597
world\systems\cradle.json : original 1dc6b94b0240976592ffe60cdc846b99cf4fbe84b765549bc0b2e5480d53160b / copy 1dc6b94b0240976592ffe60cdc846b99cf4fbe84b765549bc0b2e5480d53160b
data/ files hash-compared against the client copy: 3
]]></output>
              </test-case>
              <test-case id="1063" name="CSharpLayerSplit_Totals34" fullname="Starfall.Tests.EditMode.ContractFixtureTests.CSharpLayerSplit_Totals34" methodname="CSharpLayerSplit_Totals34" classname="Starfall.Tests.EditMode.ContractFixtureTests" runstate="Runnable" seed="445400426" result="Passed" start-time="2026-09-23 14:49:42Z" end-time="2026-09-23 14:49:42Z" duration="0.060263" asserts="0">
                <properties>
                  <property name="retryIteration" value="0" />
                  <property name="repeatIteration" value="0" />
                </properties>
                <output><![CDATA[reject 18 / accept 10 / no layer 6 = 34
]]></output>
              </test-case>
              <test-case id="1068" name="Dispatch_PreservesRealTime" fullname="Starfall.Tests.EditMode.ContractFixtureTests.Dispatch_PreservesRealTime" methodname="Dispatch_PreservesRealTime" classname="Starfall.Tests.EditMode.ContractFixtureTests" runstate="Runnable" seed="216852533" result="Passed" start-time="2026-09-23 14:49:42Z" end-time="2026-09-23 14:49:42Z" duration="0.076132" asserts="0">
                <properties>
                  <property name="retryIteration" value="0" />
                  <property name="repeatIteration" value="0" />
                </properties>
                <output><![CDATA[via ContractDispatch.TryRead : 2026-09-17T14:05:09.123Z
via default JObject.Parse   : 09/17/2026 14:05:09
]]></output>
              </test-case>
              <test-case id="1073" name="FixtureLoader_FailsWhenTooFewValidFixtures" fullname="Starfall.Tests.EditMode.ContractFixtureTests.FixtureLoader_FailsWhenTooFewValidFixtures" methodname="FixtureLoader_FailsWhenTooFewValidFixtures" classname="Starfall.Tests.EditMode.ContractFixtureTests" runstate="Runnable" seed="515262374" result="Passed" start-time="2026-09-23 14:49:42Z" end-time="2026-09-23 14:49:42Z" duration="0.007188" asserts="0">
                <properties>
                  <property name="retryIteration" value="0" />
                  <property name="repeatIteration" value="0" />
                </properties>
                <output><![CDATA[guard sees 26 of 27 expected fixtures
]]></output>
              </test-case>
              <test-case id="1071" name="FixtureLoader_FindsRepoRootByMarker" fullname="Starfall.Tests.EditMode.ContractFixtureTests.FixtureLoader_FindsRepoRootByMarker" methodname="FixtureLoader_FindsRepoRootByMarker" classname="Starfall.Tests.EditMode.ContractFixtureTests" runstate="Runnable" seed="1159765038" result="Passed" start-time="2026-09-23 14:49:42Z" end-time="2026-09-23 14:49:42Z" duration="0.002897" asserts="0">
                <properties>
                  <property name="retryIteration" value="0" />
                  <property name="repeatIteration" value="0" />
                </properties>
                <output><![CDATA[repo root : C:\WorkSpace\SpaceHistoric
marker    : contracts/registry/types.json
  valid fixture: COMMAND_RESULT/accepted.json
  valid fixture: COMMAND_RESULT/rejected-server-busy.json
  valid fixture: PING_REPLY/basic.json
  valid fixture: PING_REPLY/with-correlation.json
  valid fixture: PING_SERVER/basic.json
  valid fixture: PING_SERVER/null-client-time-max-seq.json
  valid fixture: SESSION_CLOSED/client-closed.json
  valid fixture: SESSION_CLOSED/idle-timeout.json
  valid fixture: SESSION_CLOSED/superseded.json
  valid fixture: SESSION_OPENED/basic.json
  valid fixture: SESSION_OPENED/sequence-nonzero.json
  valid fixture: SESSION_READY/basic.json
  valid fixture: SESSION_READY/tick-zero.json
  valid fixture: SET_SHIP_CONTROL/basic.json
  valid fixture: SET_SHIP_CONTROL/full-deflection-braking.json
  valid fixture: SHIP_CLASS/example-newtonian-bounds.json
  valid fixture: SHIP_CLASS/example-scout.json
  valid fixture: SHIP_DESPAWNED/linger-expired.json
  valid fixture: SHIP_DESPAWNED/server-shutdown.json
  valid fixture: SHIP_SPAWNED/basic.json
  valid fixture: SHIP_SPAWNED/position-bounds.json
  valid fixture: STAR_SYSTEM/example-cradle.json
  valid fixture: STAR_SYSTEM/example-max-radius.json
  valid fixture: SYNC_TUNING/example-bounds.json
  valid fixture: SYNC_TUNING/example-p1-01-default.json
  valid fixture: WORLD_SNAPSHOT/empty-nulls-and-bounds.json
  valid fixture: WORLD_SNAPSHOT/two-ships-one-lingering.json
valid fixtures counted: 27
]]></output>
              </test-case>
              <test-case id="1024" name="Fixtures_RoundTrip_Found27_RoundTripped21" fullname="Starfall.Tests.EditMode.ContractFixtureTests.Fixtures_RoundTrip_Found27_RoundTripped21" methodname="Fixtures_RoundTrip_Found27_RoundTripped21" classname="Starfall.Tests.EditMode.ContractFixtureTests" runstate="Runnable" seed="552254510" result="Passed" start-time="2026-09-23 14:49:42Z" end-time="2026-09-23 14:49:42Z" duration="0.003752" asserts="0">
                <properties>
                  <property name="retryIteration" value="0" />
                  <property name="repeatIteration" value="0" />
                </properties>
                <output><![CDATA[found COMMAND_RESULT/accepted.json
found COMMAND_RESULT/rejected-server-busy.json
found PING_REPLY/basic.json
found PING_REPLY/with-correlation.json
found PING_SERVER/basic.json
found PING_SERVER/null-client-time-max-seq.json
found SESSION_CLOSED/client-closed.json
found SESSION_CLOSED/idle-timeout.json
found SESSION_CLOSED/superseded.json
found SESSION_OPENED/basic.json
found SESSION_OPENED/sequence-nonzero.json
found SESSION_READY/basic.json
found SESSION_READY/tick-zero.json
found SET_SHIP_CONTROL/basic.json
found SET_SHIP_CONTROL/full-deflection-braking.json
found SHIP_CLASS/example-newtonian-bounds.json
found SHIP_CLASS/example-scout.json
found SHIP_DESPAWNED/linger-expired.json
found SHIP_DESPAWNED/server-shutdown.json
found SHIP_SPAWNED/basic.json
found SHIP_SPAWNED/position-bounds.json
found STAR_SYSTEM/example-cradle.json
found STAR_SYSTEM/example-max-radius.json
found SYNC_TUNING/example-bounds.json
found SYNC_TUNING/example-p1-01-default.json
found WORLD_SNAPSHOT/empty-nulls-and-bounds.json
found WORLD_SNAPSHOT/two-ships-one-lingering.json
valid fixtures found: 27
of those, carrying an envelope discriminator (round-trip candidates): 21
]]></output>
              </test-case>
              <test-suite type="ParameterizedMethod" id="1023" name="Fixtures_RoundTrip_MatchesOriginal" fullname="Starfall.Tests.EditMode.ContractFixtureTests.Fixtures_RoundTrip_MatchesOriginal" classname="Starfall.Tests.EditMode.ContractFixtureTests" runstate="Runnable" testcasecount="21" result="Passed" start-time="2026-09-23 14:49:42Z" end-time="2026-09-23 14:49:42Z" duration="0.074244" total="21" passed="21" failed="0" inconclusive="0" skipped="0" asserts="0">
                <properties />
                <test-case id="1002" name="Fixtures_RoundTrip_MatchesOriginal(COMMAND_RESULT/accepted.json)" fullname="Starfall.Tests.EditMode.ContractFixtureTests.Fixtures_RoundTrip_MatchesOriginal(COMMAND_RESULT/accepted.json)" methodname="Fixtures_RoundTrip_MatchesOriginal" classname="Starfall.Tests.EditMode.ContractFixtureTests" runstate="Runnable" seed="383707987" result="Passed" start-time="2026-09-23 14:49:42Z" end-time="2026-09-23 14:49:42Z" duration="0.018944" asserts="0">
                  <properties>
                    <property name="retryIteration" value="0" />
                    <property name="repeatIteration" value="0" />
                  </properties>
                  <output><![CDATA[COMMAND_RESULT/accepted.json -> CommandResultMessage
  re-serialized: {"correlation_id":"01a0b1c2-4a12-7c01-8d02-1e033f044a05","message_id":"01a0b1c2-6c31-7112-9223-3a4b5c6d7e8f","message_type":"COMMAND_RESULT","payload":{"command_id":"01a0afaf-7e83-7f49-adfa-58ba04c2fd5a","reason_code":null,"status":"ACCEPTED"},"schema_version":1,"tick":1240}
]]></output>
                </test-case>
                <test-case id="1003" name="Fixtures_RoundTrip_MatchesOriginal(COMMAND_RESULT/rejected-server-busy.json)" fullname="Starfall.Tests.EditMode.ContractFixtureTests.Fixtures_RoundTrip_MatchesOriginal(COMMAND_RESULT/rejected-server-busy.json)" methodname="Fixtures_RoundTrip_MatchesOriginal" classname="Starfall.Tests.EditMode.ContractFixtureTests" runstate="Runnable" seed="1417654340" result="Passed" start-time="2026-09-23 14:49:42Z" end-time="2026-09-23 14:49:42Z" duration="0.000495" asserts="0">
                  <properties>
                    <property name="retryIteration" value="0" />
                    <property name="repeatIteration" value="0" />
                  </properties>
                  <output><![CDATA[COMMAND_RESULT/rejected-server-busy.json -> CommandResultMessage
  re-serialized: {"correlation_id":null,"message_id":"01a0b1c2-6c32-7113-a224-4b5c6d7e8f90","message_type":"COMMAND_RESULT","payload":{"command_id":"01a0afaf-7e84-729e-9f17-464483f27a6d","reason_code":"SERVER_BUSY","status":"REJECTED"},"schema_version":1,"tick":1241}
]]></output>
                </test-case>
                <test-case id="1004" name="Fixtures_RoundTrip_MatchesOriginal(PING_REPLY/basic.json)" fullname="Starfall.Tests.EditMode.ContractFixtureTests.Fixtures_RoundTrip_MatchesOriginal(PING_REPLY/basic.json)" methodname="Fixtures_RoundTrip_MatchesOriginal" classname="Starfall.Tests.EditMode.ContractFixtureTests" runstate="Runnable" seed="602416814" result="Passed" start-time="2026-09-23 14:49:42Z" end-time="2026-09-23 14:49:42Z" duration="0.003219" asserts="0">
                  <properties>
                    <property name="retryIteration" value="0" />
                    <property name="repeatIteration" value="0" />
                  </properties>
                  <output><![CDATA[PING_REPLY/basic.json -> PingReplyMessage
  re-serialized: {"correlation_id":null,"message_id":"01a0afaf-7f7d-7c16-b3d0-f1a4053c530b","message_type":"PING_REPLY","payload":{"command_id":"01a0afaf-7e83-7f49-adfa-58ba04c2fd5a","probe_seq":42},"schema_version":1,"tick":18273391}
]]></output>
                </test-case>
                <test-case id="1005" name="Fixtures_RoundTrip_MatchesOriginal(PING_REPLY/with-correlation.json)" fullname="Starfall.Tests.EditMode.ContractFixtureTests.Fixtures_RoundTrip_MatchesOriginal(PING_REPLY/with-correlation.json)" methodname="Fixtures_RoundTrip_MatchesOriginal" classname="Starfall.Tests.EditMode.ContractFixtureTests" runstate="Runnable" seed="774251873" result="Passed" start-time="2026-09-23 14:49:42Z" end-time="2026-09-23 14:49:42Z" duration="0.000548" asserts="0">
                  <properties>
                    <property name="retryIteration" value="0" />
                    <property name="repeatIteration" value="0" />
                  </properties>
                  <output><![CDATA[PING_REPLY/with-correlation.json -> PingReplyMessage
  re-serialized: {"correlation_id":"01a0afaf-8207-7566-ba03-d9054f3c0313","message_id":"01a0afaf-8208-78ec-8b44-ab48edc4a6a7","message_type":"PING_REPLY","payload":{"command_id":"01a0afaf-7e84-729e-9f17-464483f27a6d","probe_seq":4294967295},"schema_version":1,"tick":9007199254740991}
]]></output>
                </test-case>
                <test-case id="1006" name="Fixtures_RoundTrip_MatchesOriginal(PING_SERVER/basic.json)" fullname="Starfall.Tests.EditMode.ContractFixtureTests.Fixtures_RoundTrip_MatchesOriginal(PING_SERVER/basic.json)" methodname="Fixtures_RoundTrip_MatchesOriginal" classname="Starfall.Tests.EditMode.ContractFixtureTests" runstate="Runnable" seed="995030730" result="Passed" start-time="2026-09-23 14:49:42Z" end-time="2026-09-23 14:49:42Z" duration="0.001126" asserts="0">
                  <properties>
                    <property name="retryIteration" value="0" />
                    <property name="repeatIteration" value="0" />
                  </properties>
                  <output><![CDATA[PING_SERVER/basic.json -> PingServerCommand
  re-serialized: {"client_sent_at":"2026-09-17T14:05:09.123Z","command_id":"01a0afaf-7e83-7f49-adfa-58ba04c2fd5a","command_type":"PING_SERVER","payload":{"probe_seq":42},"schema_version":1}
]]></output>
                </test-case>
                <test-case id="1007" name="Fixtures_RoundTrip_MatchesOriginal(PING_SERVER/null-client-time-max-seq.json)" fullname="Starfall.Tests.EditMode.ContractFixtureTests.Fixtures_RoundTrip_MatchesOriginal(PING_SERVER/null-client-time-max-seq.json)" methodname="Fixtures_RoundTrip_MatchesOriginal" classname="Starfall.Tests.EditMode.ContractFixtureTests" runstate="Runnable" seed="1049878923" result="Passed" start-time="2026-09-23 14:49:42Z" end-time="2026-09-23 14:49:42Z" duration="0.000392" asserts="0">
                  <properties>
                    <property name="retryIteration" value="0" />
                    <property name="repeatIteration" value="0" />
                  </properties>
                  <output><![CDATA[PING_SERVER/null-client-time-max-seq.json -> PingServerCommand
  re-serialized: {"client_sent_at":null,"command_id":"01a0afaf-7e84-729e-9f17-464483f27a6d","command_type":"PING_SERVER","payload":{"probe_seq":4294967295},"schema_version":1}
]]></output>
                </test-case>
                <test-case id="1008" name="Fixtures_RoundTrip_MatchesOriginal(SESSION_CLOSED/client-closed.json)" fullname="Starfall.Tests.EditMode.ContractFixtureTests.Fixtures_RoundTrip_MatchesOriginal(SESSION_CLOSED/client-closed.json)" methodname="Fixtures_RoundTrip_MatchesOriginal" classname="Starfall.Tests.EditMode.ContractFixtureTests" runstate="Runnable" seed="1271774041" result="Passed" start-time="2026-09-23 14:49:42Z" end-time="2026-09-23 14:49:42Z" duration="0.004181" asserts="0">
                  <properties>
                    <property name="retryIteration" value="0" />
                    <property name="repeatIteration" value="0" />
                  </properties>
                  <output><![CDATA[SESSION_CLOSED/client-closed.json -> SessionClosedEvent
  re-serialized: {"actor_id":"01a0b1c2-2c01-7a45-8b67-89abcdef0123","causation_id":null,"correlation_id":"01a0b1c2-4a12-7c01-8d02-1e033f044a05","event_id":"01a0b1c2-5b24-7e10-a9f2-3b4c5d6e7f80","event_type":"SESSION_CLOSED","occurred_at":"3800-01-01T20:00:00Z","payload":{"close_reason":"CLIENT_CLOSED","session_id":"01a0b1c2-4a11-7b22-9c33-0d44e55f6a77"},"recorded_at":"2026-09-18T13:23:31.884Z","schema_version":1,"sequence":0,"tick":24000,"world_id":"01a0b1c2-3d4e-7f01-8a2b-9c0d1e2f3a4b"}
]]></output>
                </test-case>
                <test-case id="1009" name="Fixtures_RoundTrip_MatchesOriginal(SESSION_CLOSED/idle-timeout.json)" fullname="Starfall.Tests.EditMode.ContractFixtureTests.Fixtures_RoundTrip_MatchesOriginal(SESSION_CLOSED/idle-timeout.json)" methodname="Fixtures_RoundTrip_MatchesOriginal" classname="Starfall.Tests.EditMode.ContractFixtureTests" runstate="Runnable" seed="1010827096" result="Passed" start-time="2026-09-23 14:49:42Z" end-time="2026-09-23 14:49:42Z" duration="0.000434" asserts="0">
                  <properties>
                    <property name="retryIteration" value="0" />
                    <property name="repeatIteration" value="0" />
                  </properties>
                  <output><![CDATA[SESSION_CLOSED/idle-timeout.json -> SessionClosedEvent
  re-serialized: {"actor_id":"01a0b1c2-2c02-7a46-9b68-9abcdef01234","causation_id":null,"correlation_id":"01a0b1c2-7d42-7a56-9b67-6d7e8f901234","event_id":"01a0b1c2-8e51-7b61-8c72-a01234567891","event_type":"SESSION_CLOSED","occurred_at":"3800-01-04T00:00:00Z","payload":{"close_reason":"IDLE_TIMEOUT","session_id":"01a0b1c2-7d41-7a55-8b66-5c6d7e8f9012"},"recorded_at":"2026-09-18T13:09:41.003Z","schema_version":1,"sequence":8,"tick":86400,"world_id":"01a0b1c2-3d4e-7f01-8a2b-9c0d1e2f3a4b"}
]]></output>
                </test-case>
                <test-case id="1010" name="Fixtures_RoundTrip_MatchesOriginal(SESSION_CLOSED/superseded.json)" fullname="Starfall.Tests.EditMode.ContractFixtureTests.Fixtures_RoundTrip_MatchesOriginal(SESSION_CLOSED/superseded.json)" methodname="Fixtures_RoundTrip_MatchesOriginal" classname="Starfall.Tests.EditMode.ContractFixtureTests" runstate="Runnable" seed="1377700040" result="Passed" start-time="2026-09-23 14:49:42Z" end-time="2026-09-23 14:49:42Z" duration="0.000364" asserts="0">
                  <properties>
                    <property name="retryIteration" value="0" />
                    <property name="repeatIteration" value="0" />
                  </properties>
                  <output><![CDATA[SESSION_CLOSED/superseded.json -> SessionClosedEvent
  re-serialized: {"actor_id":"01a0b1c2-2c01-7a45-8b67-89abcdef0123","causation_id":"01a0b1c2-9f21-7b31-ac41-2d51e61f7a8b","correlation_id":"01a0b1c2-9e12-7a22-9b32-1c42d52e62f8","event_id":"01a0b1c2-9f22-7b32-bd42-3e52f6207b9c","event_type":"SESSION_CLOSED","occurred_at":"3800-01-02T06:00:00Z","payload":{"close_reason":"SUPERSEDED","session_id":"01a0b1c2-9e11-7a21-8b31-0c41d51e61f7"},"recorded_at":"2026-09-22T09:14:07.512Z","schema_version":1,"sequence":3,"tick":36000,"world_id":"01a0b1c2-3d4e-7f01-8a2b-9c0d1e2f3a4b"}
]]></output>
                </test-case>
                <test-case id="1011" name="Fixtures_RoundTrip_MatchesOriginal(SESSION_OPENED/basic.json)" fullname="Starfall.Tests.EditMode.ContractFixtureTests.Fixtures_RoundTrip_MatchesOriginal(SESSION_OPENED/basic.json)" methodname="Fixtures_RoundTrip_MatchesOriginal" classname="Starfall.Tests.EditMode.ContractFixtureTests" runstate="Runnable" seed="1074141894" result="Passed" start-time="2026-09-23 14:49:42Z" end-time="2026-09-23 14:49:42Z" duration="0.003920" asserts="0">
                  <properties>
                    <property name="retryIteration" value="0" />
                    <property name="repeatIteration" value="0" />
                  </properties>
                  <output><![CDATA[SESSION_OPENED/basic.json -> SessionOpenedEvent
  re-serialized: {"actor_id":"01a0b1c2-2c01-7a45-8b67-89abcdef0123","causation_id":null,"correlation_id":"01a0b1c2-4a12-7c01-8d02-1e033f044a05","event_id":"01a0b1c2-4a13-7d09-b8e1-2f0a3b4c5d6e","event_type":"SESSION_OPENED","occurred_at":"3800-01-01T01:00:00Z","payload":{"session_id":"01a0b1c2-4a11-7b22-9c33-0d44e55f6a77","transport":"WEBSOCKET"},"recorded_at":"2026-09-18T13:04:22.417Z","schema_version":1,"sequence":0,"tick":1200,"world_id":"01a0b1c2-3d4e-7f01-8a2b-9c0d1e2f3a4b"}
]]></output>
                </test-case>
                <test-case id="1012" name="Fixtures_RoundTrip_MatchesOriginal(SESSION_OPENED/sequence-nonzero.json)" fullname="Starfall.Tests.EditMode.ContractFixtureTests.Fixtures_RoundTrip_MatchesOriginal(SESSION_OPENED/sequence-nonzero.json)" methodname="Fixtures_RoundTrip_MatchesOriginal" classname="Starfall.Tests.EditMode.ContractFixtureTests" runstate="Runnable" seed="1816679359" result="Passed" start-time="2026-09-23 14:49:42Z" end-time="2026-09-23 14:49:42Z" duration="0.000373" asserts="0">
                  <properties>
                    <property name="retryIteration" value="0" />
                    <property name="repeatIteration" value="0" />
                  </properties>
                  <output><![CDATA[SESSION_OPENED/sequence-nonzero.json -> SessionOpenedEvent
  re-serialized: {"actor_id":"01a0b1c2-2c02-7a46-9b68-9abcdef01234","causation_id":null,"correlation_id":"01a0b1c2-7d42-7a56-9b67-6d7e8f901234","event_id":"01a0b1c2-7d43-7a57-ab68-7e8f90123456","event_type":"SESSION_OPENED","occurred_at":"3800-01-04T00:00:00Z","payload":{"session_id":"01a0b1c2-7d41-7a55-8b66-5c6d7e8f9012","transport":"WEBSOCKET"},"recorded_at":"2026-09-18T13:09:41.002Z","schema_version":1,"sequence":7,"tick":86400,"world_id":"01a0b1c2-3d4e-7f01-8a2b-9c0d1e2f3a4b"}
]]></output>
                </test-case>
                <test-case id="1013" name="Fixtures_RoundTrip_MatchesOriginal(SESSION_READY/basic.json)" fullname="Starfall.Tests.EditMode.ContractFixtureTests.Fixtures_RoundTrip_MatchesOriginal(SESSION_READY/basic.json)" methodname="Fixtures_RoundTrip_MatchesOriginal" classname="Starfall.Tests.EditMode.ContractFixtureTests" runstate="Runnable" seed="525828152" result="Passed" start-time="2026-09-23 14:49:42Z" end-time="2026-09-23 14:49:42Z" duration="0.003348" asserts="0">
                  <properties>
                    <property name="retryIteration" value="0" />
                    <property name="repeatIteration" value="0" />
                  </properties>
                  <output><![CDATA[SESSION_READY/basic.json -> SessionReadyMessage
  re-serialized: {"correlation_id":"01a0b1c2-4a12-7c01-8d02-1e033f044a05","message_id":"01a0b1c2-4a14-7001-8002-0a0b0c0d0e0f","message_type":"SESSION_READY","payload":{"actor_id":"01a0b1c2-2c01-7a45-8b67-89abcdef0123","server_version":"0.1.0","session_id":"01a0b1c2-4a11-7b22-9c33-0d44e55f6a77","tick_hz":20,"world_id":"01a0b1c2-3d4e-7f01-8a2b-9c0d1e2f3a4b"},"schema_version":1,"tick":1200}
]]></output>
                </test-case>
                <test-case id="1014" name="Fixtures_RoundTrip_MatchesOriginal(SESSION_READY/tick-zero.json)" fullname="Starfall.Tests.EditMode.ContractFixtureTests.Fixtures_RoundTrip_MatchesOriginal(SESSION_READY/tick-zero.json)" methodname="Fixtures_RoundTrip_MatchesOriginal" classname="Starfall.Tests.EditMode.ContractFixtureTests" runstate="Runnable" seed="1365532206" result="Passed" start-time="2026-09-23 14:49:42Z" end-time="2026-09-23 14:49:42Z" duration="0.000420" asserts="0">
                  <properties>
                    <property name="retryIteration" value="0" />
                    <property name="repeatIteration" value="0" />
                  </properties>
                  <output><![CDATA[SESSION_READY/tick-zero.json -> SessionReadyMessage
  re-serialized: {"correlation_id":"01a0b1c2-7d42-7a56-9b67-6d7e8f901234","message_id":"01a0b1c2-4a15-7002-b003-0f0e0d0c0b0a","message_type":"SESSION_READY","payload":{"actor_id":"01a0b1c2-2c02-7a46-9b68-9abcdef01234","server_version":"0.1.0+spike.1","session_id":"01a0b1c2-7d41-7a55-8b66-5c6d7e8f9012","tick_hz":1,"world_id":"01a0b1c2-3d4f-7a02-9b13-0e1f2a3b4c5d"},"schema_version":1,"tick":0}
]]></output>
                </test-case>
                <test-case id="1015" name="Fixtures_RoundTrip_MatchesOriginal(SET_SHIP_CONTROL/basic.json)" fullname="Starfall.Tests.EditMode.ContractFixtureTests.Fixtures_RoundTrip_MatchesOriginal(SET_SHIP_CONTROL/basic.json)" methodname="Fixtures_RoundTrip_MatchesOriginal" classname="Starfall.Tests.EditMode.ContractFixtureTests" runstate="Runnable" seed="421109944" result="Passed" start-time="2026-09-23 14:49:42Z" end-time="2026-09-23 14:49:42Z" duration="0.005182" asserts="0">
                  <properties>
                    <property name="retryIteration" value="0" />
                    <property name="repeatIteration" value="0" />
                  </properties>
                  <output><![CDATA[SET_SHIP_CONTROL/basic.json -> SetShipControlCommand
  re-serialized: {"client_sent_at":"2026-09-19T08:11:04.512Z","command_id":"01a0b1c2-7a01-7c11-8d22-3e445f667788","command_type":"SET_SHIP_CONTROL","payload":{"aim_w_micro":707107,"aim_x_micro":0,"aim_y_micro":707107,"aim_z_micro":0,"brake":false,"flight_assist":true,"input_seq":1042,"roll_milli":0,"thrust_x_milli":0,"thrust_y_milli":0,"thrust_z_milli":1000},"schema_version":1}
]]></output>
                </test-case>
                <test-case id="1016" name="Fixtures_RoundTrip_MatchesOriginal(SET_SHIP_CONTROL/full-deflection-braking.json)" fullname="Starfall.Tests.EditMode.ContractFixtureTests.Fixtures_RoundTrip_MatchesOriginal(SET_SHIP_CONTROL/full-deflection-braking.json)" methodname="Fixtures_RoundTrip_MatchesOriginal" classname="Starfall.Tests.EditMode.ContractFixtureTests" runstate="Runnable" seed="742336916" result="Passed" start-time="2026-09-23 14:49:42Z" end-time="2026-09-23 14:49:42Z" duration="0.000379" asserts="0">
                  <properties>
                    <property name="retryIteration" value="0" />
                    <property name="repeatIteration" value="0" />
                  </properties>
                  <output><![CDATA[SET_SHIP_CONTROL/full-deflection-braking.json -> SetShipControlCommand
  re-serialized: {"client_sent_at":null,"command_id":"01a0b1c2-7a02-7c12-9e33-4f5566778899","command_type":"SET_SHIP_CONTROL","payload":{"aim_w_micro":0,"aim_x_micro":-1000000,"aim_y_micro":0,"aim_z_micro":0,"brake":true,"flight_assist":false,"input_seq":4294967295,"roll_milli":1000,"thrust_x_milli":1000,"thrust_y_milli":-1000,"thrust_z_milli":-1000},"schema_version":1}
]]></output>
                </test-case>
                <test-case id="1017" name="Fixtures_RoundTrip_MatchesOriginal(SHIP_DESPAWNED/linger-expired.json)" fullname="Starfall.Tests.EditMode.ContractFixtureTests.Fixtures_RoundTrip_MatchesOriginal(SHIP_DESPAWNED/linger-expired.json)" methodname="Fixtures_RoundTrip_MatchesOriginal" classname="Starfall.Tests.EditMode.ContractFixtureTests" runstate="Runnable" seed="480476930" result="Passed" start-time="2026-09-23 14:49:42Z" end-time="2026-09-23 14:49:42Z" duration="0.004548" asserts="0">
                  <properties>
                    <property name="retryIteration" value="0" />
                    <property name="repeatIteration" value="0" />
                  </properties>
                  <output><![CDATA[SHIP_DESPAWNED/linger-expired.json -> ShipDespawnedEvent
  re-serialized: {"actor_id":"01a0b1c2-2c01-7a45-8b67-89abcdef0123","causation_id":"01a0b1c2-5b13-7e09-a9e1-3f0a4b5c6d7f","correlation_id":"01a0b1c2-4a12-7c01-8d02-1e033f044a05","event_id":"01a0b1c2-5b14-7e0a-a9e2-4f0a5b6c7d8f","event_type":"SHIP_DESPAWNED","occurred_at":"3800-01-01T20:00:00Z","payload":{"despawn_reason":"LINGER_EXPIRED","last_session_id":"01a0b1c2-4a11-7b22-9c33-0d44e55f6a77","position_x_mm":1500000,"position_y_mm":-250000,"position_z_mm":42000,"ship_id":"01a0b1c2-8b01-7a11-8b22-9c33d44e55f6"},"recorded_at":"2026-09-18T13:09:41.006Z","schema_version":1,"sequence":1,"tick":24000,"world_id":"01a0b1c2-3d4e-7f01-8a2b-9c0d1e2f3a4b"}
]]></output>
                </test-case>
                <test-case id="1018" name="Fixtures_RoundTrip_MatchesOriginal(SHIP_DESPAWNED/server-shutdown.json)" fullname="Starfall.Tests.EditMode.ContractFixtureTests.Fixtures_RoundTrip_MatchesOriginal(SHIP_DESPAWNED/server-shutdown.json)" methodname="Fixtures_RoundTrip_MatchesOriginal" classname="Starfall.Tests.EditMode.ContractFixtureTests" runstate="Runnable" seed="1572682719" result="Passed" start-time="2026-09-23 14:49:42Z" end-time="2026-09-23 14:49:42Z" duration="0.000396" asserts="0">
                  <properties>
                    <property name="retryIteration" value="0" />
                    <property name="repeatIteration" value="0" />
                  </properties>
                  <output><![CDATA[SHIP_DESPAWNED/server-shutdown.json -> ShipDespawnedEvent
  re-serialized: {"actor_id":"01a0b1c2-2c02-7b46-8c68-9abcdef01234","causation_id":"01a0b1c2-5b23-7e19-a9f1-4f1a5b6c7d8d","correlation_id":"01a0b1c2-4a22-7c11-8d12-2e134f145a15","event_id":"01a0b1c2-5b24-7e1a-a9f2-5f1a6b7c8d9f","event_type":"SHIP_DESPAWNED","occurred_at":"3800-01-04T00:00:00Z","payload":{"despawn_reason":"SERVER_SHUTDOWN","last_session_id":"01a0b1c2-4a21-7b32-9c43-1d54e65f7a87","position_x_mm":0,"position_y_mm":0,"position_z_mm":0,"ship_id":"01a0b1c2-8b02-7a12-9c33-0d44e55f6a77"},"recorded_at":"2026-09-18T14:12:33.900Z","schema_version":1,"sequence":0,"tick":86400,"world_id":"01a0b1c2-3d4e-7f01-8a2b-9c0d1e2f3a4b"}
]]></output>
                </test-case>
                <test-case id="1019" name="Fixtures_RoundTrip_MatchesOriginal(SHIP_SPAWNED/basic.json)" fullname="Starfall.Tests.EditMode.ContractFixtureTests.Fixtures_RoundTrip_MatchesOriginal(SHIP_SPAWNED/basic.json)" methodname="Fixtures_RoundTrip_MatchesOriginal" classname="Starfall.Tests.EditMode.ContractFixtureTests" runstate="Runnable" seed="655512376" result="Passed" start-time="2026-09-23 14:49:42Z" end-time="2026-09-23 14:49:42Z" duration="0.005865" asserts="0">
                  <properties>
                    <property name="retryIteration" value="0" />
                    <property name="repeatIteration" value="0" />
                  </properties>
                  <output><![CDATA[SHIP_SPAWNED/basic.json -> ShipSpawnedEvent
  re-serialized: {"actor_id":"01a0b1c2-2c01-7a45-8b67-89abcdef0123","causation_id":"01a0b1c2-4a13-7d09-b8e1-2f0a3b4c5d6e","correlation_id":"01a0b1c2-4a12-7c01-8d02-1e033f044a05","event_id":"01a0b1c2-4a14-7d0a-b8e2-3f0a4b5c6d7e","event_type":"SHIP_SPAWNED","occurred_at":"3800-01-01T01:00:00Z","payload":{"orientation_w_micro":1000000,"orientation_x_micro":0,"orientation_y_micro":0,"orientation_z_micro":0,"position_x_mm":0,"position_y_mm":0,"position_z_mm":-8000000,"session_id":"01a0b1c2-4a11-7b22-9c33-0d44e55f6a77","ship_class_id":"scout-s01","ship_id":"01a0b1c2-8b01-7a11-8b22-9c33d44e55f6","star_system_id":"cradle"},"recorded_at":"2026-09-18T13:04:22.417Z","schema_version":1,"sequence":1,"tick":1200,"world_id":"01a0b1c2-3d4e-7f01-8a2b-9c0d1e2f3a4b"}
]]></output>
                </test-case>
                <test-case id="1020" name="Fixtures_RoundTrip_MatchesOriginal(SHIP_SPAWNED/position-bounds.json)" fullname="Starfall.Tests.EditMode.ContractFixtureTests.Fixtures_RoundTrip_MatchesOriginal(SHIP_SPAWNED/position-bounds.json)" methodname="Fixtures_RoundTrip_MatchesOriginal" classname="Starfall.Tests.EditMode.ContractFixtureTests" runstate="Runnable" seed="1377723739" result="Passed" start-time="2026-09-23 14:49:42Z" end-time="2026-09-23 14:49:42Z" duration="0.000405" asserts="0">
                  <properties>
                    <property name="retryIteration" value="0" />
                    <property name="repeatIteration" value="0" />
                  </properties>
                  <output><![CDATA[SHIP_SPAWNED/position-bounds.json -> ShipSpawnedEvent
  re-serialized: {"actor_id":"01a0b1c2-2c02-7b46-8c68-9abcdef01234","causation_id":"01a0b1c2-4a23-7d19-b8f1-3f1a4b5c6d7d","correlation_id":"01a0b1c2-4a22-7c11-8d12-2e134f145a15","event_id":"01a0b1c2-4a24-7d1a-b8f2-4f1a5b6c7d8e","event_type":"SHIP_SPAWNED","occurred_at":"3800-01-04T00:00:00Z","payload":{"orientation_w_micro":707107,"orientation_x_micro":0,"orientation_y_micro":707107,"orientation_z_micro":0,"position_x_mm":-1000000000000,"position_y_mm":1000000000000,"position_z_mm":0,"session_id":"01a0b1c2-4a21-7b32-9c43-1d54e65f7a87","ship_class_id":"scout-s01","ship_id":"01a0b1c2-8b02-7a12-9c33-0d44e55f6a77","star_system_id":"cradle"},"recorded_at":"2026-09-18T14:10:00Z","schema_version":1,"sequence":3,"tick":86400,"world_id":"01a0b1c2-3d4e-7f01-8a2b-9c0d1e2f3a4b"}
]]></output>
                </test-case>
                <test-case id="1021" name="Fixtures_RoundTrip_MatchesOriginal(WORLD_SNAPSHOT/empty-nulls-and-bounds.json)" fullname="Starfall.Tests.EditMode.ContractFixtureTests.Fixtures_RoundTrip_MatchesOriginal(WORLD_SNAPSHOT/empty-nulls-and-bounds.json)" methodname="Fixtures_RoundTrip_MatchesOriginal" classname="Starfall.Tests.EditMode.ContractFixtureTests" runstate="Runnable" seed="1819193270" result="Passed" start-time="2026-09-23 14:49:42Z" end-time="2026-09-23 14:49:42Z" duration="0.008863" asserts="0">
                  <properties>
                    <property name="retryIteration" value="0" />
                    <property name="repeatIteration" value="0" />
                  </properties>
                  <output><![CDATA[WORLD_SNAPSHOT/empty-nulls-and-bounds.json -> WorldSnapshotMessage
  re-serialized: {"correlation_id":null,"message_id":"01a0b1c2-9c02-7d12-9f33-2a445566bb77","message_type":"WORLD_SNAPSHOT","payload":{"ack_input_seq":null,"controlled_ship_id":null,"hard_boundary_radius_mm":20000000,"ships":[],"snapshot_interval_ticks":1,"soft_boundary_radius_mm":1,"star_system_id":"cradle"},"schema_version":1,"tick":0}
]]></output>
                </test-case>
                <test-case id="1022" name="Fixtures_RoundTrip_MatchesOriginal(WORLD_SNAPSHOT/two-ships-one-lingering.json)" fullname="Starfall.Tests.EditMode.ContractFixtureTests.Fixtures_RoundTrip_MatchesOriginal(WORLD_SNAPSHOT/two-ships-one-lingering.json)" methodname="Fixtures_RoundTrip_MatchesOriginal" classname="Starfall.Tests.EditMode.ContractFixtureTests" runstate="Runnable" seed="1720815825" result="Passed" start-time="2026-09-23 14:49:42Z" end-time="2026-09-23 14:49:42Z" duration="0.004033" asserts="0">
                  <properties>
                    <property name="retryIteration" value="0" />
                    <property name="repeatIteration" value="0" />
                  </properties>
                  <output><![CDATA[WORLD_SNAPSHOT/two-ships-one-lingering.json -> WorldSnapshotMessage
  re-serialized: {"correlation_id":null,"message_id":"01a0b1c2-9c01-7d11-8e22-1f334455aa66","message_type":"WORLD_SNAPSHOT","payload":{"ack_input_seq":1042,"controlled_ship_id":"01a0b1c2-8b01-7a11-8b22-9c33d44e55f6","hard_boundary_radius_mm":12000000,"ships":[{"actor_id":"01a0b1c2-2c01-7a45-8b67-89abcdef0123","angular_velocity_roll_mdeg_s":-4500,"angular_velocity_x_mdeg_s":0,"angular_velocity_y_mdeg_s":12000,"angular_velocity_z_mdeg_s":0,"orientation_w_micro":707107,"orientation_x_micro":0,"orientation_y_micro":707107,"orientation_z_micro":0,"position_x_mm":1500000,"position_y_mm":-250000,"position_z_mm":42000,"presence":"ACTIVE","ship_class_id":"scout-s01","ship_id":"01a0b1c2-8b01-7a11-8b22-9c33d44e55f6","velocity_x_mm_s":18000,"velocity_y_mm_s":0,"velocity_z_mm_s":-3500},{"actor_id":"01a0b1c2-2c02-7b46-8c68-9abcdef01234","angular_velocity_roll_mdeg_s":0,"angular_velocity_x_mdeg_s":0,"angular_velocity_y_mdeg_s":0,"angular_velocity_z_mdeg_s":0,"orientation_w_micro":1000000,"orientation_x_micro":0,"orientation_y_micro":0,"orientation_z_micro":0,"position_x_mm":-3200000,"position_y_mm":118000,"position_z_mm":990000,"presence":"LINGERING","ship_class_id":"scout-s01","ship_id":"01a0b1c2-8b02-7a12-9c33-0d44e55f6a77","velocity_x_mm_s":-4200,"velocity_y_mm_s":0,"velocity_z_mm_s":0}],"snapshot_interval_ticks":2,"soft_boundary_radius_mm":10000000,"star_system_id":"cradle"},"schema_version":1,"tick":24000}
]]></output>
                </test-case>
              </test-suite>
              <test-suite type="ParameterizedMethod" id="1062" name="Invalid_NoCSharpLayer_HasNoEnvelopeDiscriminator" fullname="Starfall.Tests.EditMode.ContractFixtureTests.Invalid_NoCSharpLayer_HasNoEnvelopeDiscriminator" classname="Starfall.Tests.EditMode.ContractFixtureTests" runstate="Runnable" testcasecount="6" result="Passed" start-time="2026-09-23 14:49:42Z" end-time="2026-09-23 14:49:42Z" duration="0.003128" total="6" passed="6" failed="0" inconclusive="0" skipped="0" asserts="0">
                <properties />
                <test-case id="1056" name="Invalid_NoCSharpLayer_HasNoEnvelopeDiscriminator(SHIP_CLASS/turn-gain-zero.json)" fullname="Starfall.Tests.EditMode.ContractFixtureTests.Invalid_NoCSharpLayer_HasNoEnvelopeDiscriminator(SHIP_CLASS/turn-gain-zero.json)" methodname="Invalid_NoCSharpLayer_HasNoEnvelopeDiscriminator" classname="Starfall.Tests.EditMode.ContractFixtureTests" runstate="Runnable" seed="1969935591" result="Passed" start-time="2026-09-23 14:49:42Z" end-time="2026-09-23 14:49:42Z" duration="0.000783" asserts="0">
                  <properties>
                    <property name="retryIteration" value="0" />
                    <property name="repeatIteration" value="0" />
                  </properties>
                  <output><![CDATA[SHIP_CLASS/turn-gain-zero.json has envelope discriminator: False
]]></output>
                </test-case>
                <test-case id="1057" name="Invalid_NoCSharpLayer_HasNoEnvelopeDiscriminator(SHIP_CLASS/movement-unknown-field.json)" fullname="Starfall.Tests.EditMode.ContractFixtureTests.Invalid_NoCSharpLayer_HasNoEnvelopeDiscriminator(SHIP_CLASS/movement-unknown-field.json)" methodname="Invalid_NoCSharpLayer_HasNoEnvelopeDiscriminator" classname="Starfall.Tests.EditMode.ContractFixtureTests" runstate="Runnable" seed="703938130" result="Passed" start-time="2026-09-23 14:49:42Z" end-time="2026-09-23 14:49:42Z" duration="0.000299" asserts="0">
                  <properties>
                    <property name="retryIteration" value="0" />
                    <property name="repeatIteration" value="0" />
                  </properties>
                  <output><![CDATA[SHIP_CLASS/movement-unknown-field.json has envelope discriminator: False
]]></output>
                </test-case>
                <test-case id="1058" name="Invalid_NoCSharpLayer_HasNoEnvelopeDiscriminator(STAR_SYSTEM/hard-radius-above-ceiling.json)" fullname="Starfall.Tests.EditMode.ContractFixtureTests.Invalid_NoCSharpLayer_HasNoEnvelopeDiscriminator(STAR_SYSTEM/hard-radius-above-ceiling.json)" methodname="Invalid_NoCSharpLayer_HasNoEnvelopeDiscriminator" classname="Starfall.Tests.EditMode.ContractFixtureTests" runstate="Runnable" seed="457552422" result="Passed" start-time="2026-09-23 14:49:42Z" end-time="2026-09-23 14:49:42Z" duration="0.000311" asserts="0">
                  <properties>
                    <property name="retryIteration" value="0" />
                    <property name="repeatIteration" value="0" />
                  </properties>
                  <output><![CDATA[STAR_SYSTEM/hard-radius-above-ceiling.json has envelope discriminator: False
]]></output>
                </test-case>
                <test-case id="1059" name="Invalid_NoCSharpLayer_HasNoEnvelopeDiscriminator(STAR_SYSTEM/no-spawn-points.json)" fullname="Starfall.Tests.EditMode.ContractFixtureTests.Invalid_NoCSharpLayer_HasNoEnvelopeDiscriminator(STAR_SYSTEM/no-spawn-points.json)" methodname="Invalid_NoCSharpLayer_HasNoEnvelopeDiscriminator" classname="Starfall.Tests.EditMode.ContractFixtureTests" runstate="Runnable" seed="887793242" result="Passed" start-time="2026-09-23 14:49:42Z" end-time="2026-09-23 14:49:42Z" duration="0.000317" asserts="0">
                  <properties>
                    <property name="retryIteration" value="0" />
                    <property name="repeatIteration" value="0" />
                  </properties>
                  <output><![CDATA[STAR_SYSTEM/no-spawn-points.json has envelope discriminator: False
]]></output>
                </test-case>
                <test-case id="1060" name="Invalid_NoCSharpLayer_HasNoEnvelopeDiscriminator(SYNC_TUNING/snapshot-hz-zero.json)" fullname="Starfall.Tests.EditMode.ContractFixtureTests.Invalid_NoCSharpLayer_HasNoEnvelopeDiscriminator(SYNC_TUNING/snapshot-hz-zero.json)" methodname="Invalid_NoCSharpLayer_HasNoEnvelopeDiscriminator" classname="Starfall.Tests.EditMode.ContractFixtureTests" runstate="Runnable" seed="1676920852" result="Passed" start-time="2026-09-23 14:49:42Z" end-time="2026-09-23 14:49:42Z" duration="0.000276" asserts="0">
                  <properties>
                    <property name="retryIteration" value="0" />
                    <property name="repeatIteration" value="0" />
                  </properties>
                  <output><![CDATA[SYNC_TUNING/snapshot-hz-zero.json has envelope discriminator: False
]]></output>
                </test-case>
                <test-case id="1061" name="Invalid_NoCSharpLayer_HasNoEnvelopeDiscriminator(SYNC_TUNING/integrator-is-not-a-tunable.json)" fullname="Starfall.Tests.EditMode.ContractFixtureTests.Invalid_NoCSharpLayer_HasNoEnvelopeDiscriminator(SYNC_TUNING/integrator-is-not-a-tunable.json)" methodname="Invalid_NoCSharpLayer_HasNoEnvelopeDiscriminator" classname="Starfall.Tests.EditMode.ContractFixtureTests" runstate="Runnable" seed="2080924633" result="Passed" start-time="2026-09-23 14:49:42Z" end-time="2026-09-23 14:49:42Z" duration="0.000318" asserts="0">
                  <properties>
                    <property name="retryIteration" value="0" />
                    <property name="repeatIteration" value="0" />
                  </properties>
                  <output><![CDATA[SYNC_TUNING/integrator-is-not-a-tunable.json has envelope discriminator: False
]]></output>
                </test-case>
              </test-suite>
              <test-suite type="ParameterizedMethod" id="1055" name="Invalid_NotDetectableByCSharp_DocumentedAsymmetry" fullname="Starfall.Tests.EditMode.ContractFixtureTests.Invalid_NotDetectableByCSharp_DocumentedAsymmetry" classname="Starfall.Tests.EditMode.ContractFixtureTests" runstate="Runnable" testcasecount="10" result="Passed" start-time="2026-09-23 14:49:42Z" end-time="2026-09-23 14:49:42Z" duration="0.007454" total="10" passed="10" failed="0" inconclusive="0" skipped="0" asserts="0">
                <properties />
                <test-case id="1045" name="Invalid_NotDetectableByCSharp_DocumentedAsymmetry(PING_SERVER/command-id-not-v7.json)" fullname="Starfall.Tests.EditMode.ContractFixtureTests.Invalid_NotDetectableByCSharp_DocumentedAsymmetry(PING_SERVER/command-id-not-v7.json)" methodname="Invalid_NotDetectableByCSharp_DocumentedAsymmetry" classname="Starfall.Tests.EditMode.ContractFixtureTests" runstate="Runnable" seed="401089651" result="Passed" start-time="2026-09-23 14:49:42Z" end-time="2026-09-23 14:49:42Z" duration="0.000556" asserts="0">
                  <properties>
                    <property name="retryIteration" value="0" />
                    <property name="repeatIteration" value="0" />
                  </properties>
                  <output><![CDATA[PING_SERVER/command-id-not-v7.json was ACCEPTED by C# Strict, as documented in spec section 5.4.
  Guid accepts any UUID version; long holds values above 2^53-1;
  int holds 0 where the schema says minimum 1; a closed value set is a plain string.
  The schema validator and Rust serde reject it at the server boundary.
]]></output>
                </test-case>
                <test-case id="1046" name="Invalid_NotDetectableByCSharp_DocumentedAsymmetry(PING_REPLY/tick-above-safe-integer.json)" fullname="Starfall.Tests.EditMode.ContractFixtureTests.Invalid_NotDetectableByCSharp_DocumentedAsymmetry(PING_REPLY/tick-above-safe-integer.json)" methodname="Invalid_NotDetectableByCSharp_DocumentedAsymmetry" classname="Starfall.Tests.EditMode.ContractFixtureTests" runstate="Runnable" seed="1731922036" result="Passed" start-time="2026-09-23 14:49:42Z" end-time="2026-09-23 14:49:42Z" duration="0.000282" asserts="0">
                  <properties>
                    <property name="retryIteration" value="0" />
                    <property name="repeatIteration" value="0" />
                  </properties>
                  <output><![CDATA[PING_REPLY/tick-above-safe-integer.json was ACCEPTED by C# Strict, as documented in spec section 5.4.
  Guid accepts any UUID version; long holds values above 2^53-1;
  int holds 0 where the schema says minimum 1; a closed value set is a plain string.
  The schema validator and Rust serde reject it at the server boundary.
]]></output>
                </test-case>
                <test-case id="1047" name="Invalid_NotDetectableByCSharp_DocumentedAsymmetry(COMMAND_RESULT/unknown-reason-code.json)" fullname="Starfall.Tests.EditMode.ContractFixtureTests.Invalid_NotDetectableByCSharp_DocumentedAsymmetry(COMMAND_RESULT/unknown-reason-code.json)" methodname="Invalid_NotDetectableByCSharp_DocumentedAsymmetry" classname="Starfall.Tests.EditMode.ContractFixtureTests" runstate="Runnable" seed="392592614" result="Passed" start-time="2026-09-23 14:49:42Z" end-time="2026-09-23 14:49:42Z" duration="0.000356" asserts="0">
                  <properties>
                    <property name="retryIteration" value="0" />
                    <property name="repeatIteration" value="0" />
                  </properties>
                  <output><![CDATA[COMMAND_RESULT/unknown-reason-code.json was ACCEPTED by C# Strict, as documented in spec section 5.4.
  Guid accepts any UUID version; long holds values above 2^53-1;
  int holds 0 where the schema says minimum 1; a closed value set is a plain string.
  The schema validator and Rust serde reject it at the server boundary.
]]></output>
                </test-case>
                <test-case id="1048" name="Invalid_NotDetectableByCSharp_DocumentedAsymmetry(SESSION_READY/tick-hz-zero.json)" fullname="Starfall.Tests.EditMode.ContractFixtureTests.Invalid_NotDetectableByCSharp_DocumentedAsymmetry(SESSION_READY/tick-hz-zero.json)" methodname="Invalid_NotDetectableByCSharp_DocumentedAsymmetry" classname="Starfall.Tests.EditMode.ContractFixtureTests" runstate="Runnable" seed="1764449429" result="Passed" start-time="2026-09-23 14:49:42Z" end-time="2026-09-23 14:49:42Z" duration="0.000330" asserts="0">
                  <properties>
                    <property name="retryIteration" value="0" />
                    <property name="repeatIteration" value="0" />
                  </properties>
                  <output><![CDATA[SESSION_READY/tick-hz-zero.json was ACCEPTED by C# Strict, as documented in spec section 5.4.
  Guid accepts any UUID version; long holds values above 2^53-1;
  int holds 0 where the schema says minimum 1; a closed value set is a plain string.
  The schema validator and Rust serde reject it at the server boundary.
]]></output>
                </test-case>
                <test-case id="1049" name="Invalid_NotDetectableByCSharp_DocumentedAsymmetry(SESSION_CLOSED/unknown-close-reason.json)" fullname="Starfall.Tests.EditMode.ContractFixtureTests.Invalid_NotDetectableByCSharp_DocumentedAsymmetry(SESSION_CLOSED/unknown-close-reason.json)" methodname="Invalid_NotDetectableByCSharp_DocumentedAsymmetry" classname="Starfall.Tests.EditMode.ContractFixtureTests" runstate="Runnable" seed="537349224" result="Passed" start-time="2026-09-23 14:49:42Z" end-time="2026-09-23 14:49:42Z" duration="0.000312" asserts="0">
                  <properties>
                    <property name="retryIteration" value="0" />
                    <property name="repeatIteration" value="0" />
                  </properties>
                  <output><![CDATA[SESSION_CLOSED/unknown-close-reason.json was ACCEPTED by C# Strict, as documented in spec section 5.4.
  Guid accepts any UUID version; long holds values above 2^53-1;
  int holds 0 where the schema says minimum 1; a closed value set is a plain string.
  The schema validator and Rust serde reject it at the server boundary.
]]></output>
                </test-case>
                <test-case id="1050" name="Invalid_NotDetectableByCSharp_DocumentedAsymmetry(SET_SHIP_CONTROL/thrust-above-range.json)" fullname="Starfall.Tests.EditMode.ContractFixtureTests.Invalid_NotDetectableByCSharp_DocumentedAsymmetry(SET_SHIP_CONTROL/thrust-above-range.json)" methodname="Invalid_NotDetectableByCSharp_DocumentedAsymmetry" classname="Starfall.Tests.EditMode.ContractFixtureTests" runstate="Runnable" seed="156992035" result="Passed" start-time="2026-09-23 14:49:42Z" end-time="2026-09-23 14:49:42Z" duration="0.000310" asserts="0">
                  <properties>
                    <property name="retryIteration" value="0" />
                    <property name="repeatIteration" value="0" />
                  </properties>
                  <output><![CDATA[SET_SHIP_CONTROL/thrust-above-range.json was ACCEPTED by C# Strict, as documented in spec section 5.4.
  Guid accepts any UUID version; long holds values above 2^53-1;
  int holds 0 where the schema says minimum 1; a closed value set is a plain string.
  The schema validator and Rust serde reject it at the server boundary.
]]></output>
                </test-case>
                <test-case id="1051" name="Invalid_NotDetectableByCSharp_DocumentedAsymmetry(SET_SHIP_CONTROL/input-seq-zero.json)" fullname="Starfall.Tests.EditMode.ContractFixtureTests.Invalid_NotDetectableByCSharp_DocumentedAsymmetry(SET_SHIP_CONTROL/input-seq-zero.json)" methodname="Invalid_NotDetectableByCSharp_DocumentedAsymmetry" classname="Starfall.Tests.EditMode.ContractFixtureTests" runstate="Runnable" seed="1168296582" result="Passed" start-time="2026-09-23 14:49:42Z" end-time="2026-09-23 14:49:42Z" duration="0.000276" asserts="0">
                  <properties>
                    <property name="retryIteration" value="0" />
                    <property name="repeatIteration" value="0" />
                  </properties>
                  <output><![CDATA[SET_SHIP_CONTROL/input-seq-zero.json was ACCEPTED by C# Strict, as documented in spec section 5.4.
  Guid accepts any UUID version; long holds values above 2^53-1;
  int holds 0 where the schema says minimum 1; a closed value set is a plain string.
  The schema validator and Rust serde reject it at the server boundary.
]]></output>
                </test-case>
                <test-case id="1052" name="Invalid_NotDetectableByCSharp_DocumentedAsymmetry(WORLD_SNAPSHOT/unknown-presence.json)" fullname="Starfall.Tests.EditMode.ContractFixtureTests.Invalid_NotDetectableByCSharp_DocumentedAsymmetry(WORLD_SNAPSHOT/unknown-presence.json)" methodname="Invalid_NotDetectableByCSharp_DocumentedAsymmetry" classname="Starfall.Tests.EditMode.ContractFixtureTests" runstate="Runnable" seed="299049676" result="Passed" start-time="2026-09-23 14:49:42Z" end-time="2026-09-23 14:49:42Z" duration="0.000432" asserts="0">
                  <properties>
                    <property name="retryIteration" value="0" />
                    <property name="repeatIteration" value="0" />
                  </properties>
                  <output><![CDATA[WORLD_SNAPSHOT/unknown-presence.json was ACCEPTED by C# Strict, as documented in spec section 5.4.
  Guid accepts any UUID version; long holds values above 2^53-1;
  int holds 0 where the schema says minimum 1; a closed value set is a plain string.
  The schema validator and Rust serde reject it at the server boundary.
]]></output>
                </test-case>
                <test-case id="1053" name="Invalid_NotDetectableByCSharp_DocumentedAsymmetry(WORLD_SNAPSHOT/hard-radius-above-ceiling.json)" fullname="Starfall.Tests.EditMode.ContractFixtureTests.Invalid_NotDetectableByCSharp_DocumentedAsymmetry(WORLD_SNAPSHOT/hard-radius-above-ceiling.json)" methodname="Invalid_NotDetectableByCSharp_DocumentedAsymmetry" classname="Starfall.Tests.EditMode.ContractFixtureTests" runstate="Runnable" seed="1507533098" result="Passed" start-time="2026-09-23 14:49:42Z" end-time="2026-09-23 14:49:42Z" duration="0.000329" asserts="0">
                  <properties>
                    <property name="retryIteration" value="0" />
                    <property name="repeatIteration" value="0" />
                  </properties>
                  <output><![CDATA[WORLD_SNAPSHOT/hard-radius-above-ceiling.json was ACCEPTED by C# Strict, as documented in spec section 5.4.
  Guid accepts any UUID version; long holds values above 2^53-1;
  int holds 0 where the schema says minimum 1; a closed value set is a plain string.
  The schema validator and Rust serde reject it at the server boundary.
]]></output>
                </test-case>
                <test-case id="1054" name="Invalid_NotDetectableByCSharp_DocumentedAsymmetry(SHIP_DESPAWNED/session-closed-is-not-a-despawn.json)" fullname="Starfall.Tests.EditMode.ContractFixtureTests.Invalid_NotDetectableByCSharp_DocumentedAsymmetry(SHIP_DESPAWNED/session-closed-is-not-a-despawn.json)" methodname="Invalid_NotDetectableByCSharp_DocumentedAsymmetry" classname="Starfall.Tests.EditMode.ContractFixtureTests" runstate="Runnable" seed="1690008581" result="Passed" start-time="2026-09-23 14:49:42Z" end-time="2026-09-23 14:49:42Z" duration="0.000284" asserts="0">
                  <properties>
                    <property name="retryIteration" value="0" />
                    <property name="repeatIteration" value="0" />
                  </properties>
                  <output><![CDATA[SHIP_DESPAWNED/session-closed-is-not-a-despawn.json was ACCEPTED by C# Strict, as documented in spec section 5.4.
  Guid accepts any UUID version; long holds values above 2^53-1;
  int holds 0 where the schema says minimum 1; a closed value set is a plain string.
  The schema validator and Rust serde reject it at the server boundary.
]]></output>
                </test-case>
              </test-suite>
              <test-suite type="ParameterizedMethod" id="1043" name="Invalid_Rejected_ByStrictProfile" fullname="Starfall.Tests.EditMode.ContractFixtureTests.Invalid_Rejected_ByStrictProfile" classname="Starfall.Tests.EditMode.ContractFixtureTests" runstate="Runnable" testcasecount="18" result="Passed" start-time="2026-09-23 14:49:42Z" end-time="2026-09-23 14:49:42Z" duration="0.009894" total="18" passed="18" failed="0" inconclusive="0" skipped="0" asserts="0">
                <properties />
                <test-case id="1025" name="Invalid_Rejected_ByStrictProfile(PING_SERVER/actor-field-injected.json)" fullname="Starfall.Tests.EditMode.ContractFixtureTests.Invalid_Rejected_ByStrictProfile(PING_SERVER/actor-field-injected.json)" methodname="Invalid_Rejected_ByStrictProfile" classname="Starfall.Tests.EditMode.ContractFixtureTests" runstate="Runnable" seed="1305051839" result="Passed" start-time="2026-09-23 14:49:42Z" end-time="2026-09-23 14:49:42Z" duration="0.002178" asserts="0">
                  <properties>
                    <property name="retryIteration" value="0" />
                    <property name="repeatIteration" value="0" />
                  </properties>
                  <output><![CDATA[PING_SERVER/actor-field-injected.json rejected: Could not find member 'player_id' on object of type 'PingServerCommand'. Path 'player_id', line 6, position 14.
]]></output>
                </test-case>
                <test-case id="1026" name="Invalid_Rejected_ByStrictProfile(PING_SERVER/probe-seq-negative.json)" fullname="Starfall.Tests.EditMode.ContractFixtureTests.Invalid_Rejected_ByStrictProfile(PING_SERVER/probe-seq-negative.json)" methodname="Invalid_Rejected_ByStrictProfile" classname="Starfall.Tests.EditMode.ContractFixtureTests" runstate="Runnable" seed="351382072" result="Passed" start-time="2026-09-23 14:49:42Z" end-time="2026-09-23 14:49:42Z" duration="0.000885" asserts="0">
                  <properties>
                    <property name="retryIteration" value="0" />
                    <property name="repeatIteration" value="0" />
                  </properties>
                  <output><![CDATA[PING_SERVER/probe-seq-negative.json rejected: Error converting value -1 to type 'System.UInt32'. Path 'payload.probe_seq', line 7, position 19.
]]></output>
                </test-case>
                <test-case id="1027" name="Invalid_Rejected_ByStrictProfile(PING_SERVER/probe-seq-above-u32.json)" fullname="Starfall.Tests.EditMode.ContractFixtureTests.Invalid_Rejected_ByStrictProfile(PING_SERVER/probe-seq-above-u32.json)" methodname="Invalid_Rejected_ByStrictProfile" classname="Starfall.Tests.EditMode.ContractFixtureTests" runstate="Runnable" seed="694947163" result="Passed" start-time="2026-09-23 14:49:42Z" end-time="2026-09-23 14:49:42Z" duration="0.000298" asserts="0">
                  <properties>
                    <property name="retryIteration" value="0" />
                    <property name="repeatIteration" value="0" />
                  </properties>
                  <output><![CDATA[PING_SERVER/probe-seq-above-u32.json rejected: Error converting value 4294967296 to type 'System.UInt32'. Path 'payload.probe_seq', line 7, position 27.
]]></output>
                </test-case>
                <test-case id="1028" name="Invalid_Rejected_ByStrictProfile(PING_REPLY/missing-tick.json)" fullname="Starfall.Tests.EditMode.ContractFixtureTests.Invalid_Rejected_ByStrictProfile(PING_REPLY/missing-tick.json)" methodname="Invalid_Rejected_ByStrictProfile" classname="Starfall.Tests.EditMode.ContractFixtureTests" runstate="Runnable" seed="390656215" result="Passed" start-time="2026-09-23 14:49:42Z" end-time="2026-09-23 14:49:42Z" duration="0.000287" asserts="0">
                  <properties>
                    <property name="retryIteration" value="0" />
                    <property name="repeatIteration" value="0" />
                  </properties>
                  <output><![CDATA[PING_REPLY/missing-tick.json rejected: Required property 'tick' not found in JSON. Path '', line 10, position 1.
]]></output>
                </test-case>
                <test-case id="1029" name="Invalid_Rejected_ByStrictProfile(PING_REPLY/payload-unknown-field.json)" fullname="Starfall.Tests.EditMode.ContractFixtureTests.Invalid_Rejected_ByStrictProfile(PING_REPLY/payload-unknown-field.json)" methodname="Invalid_Rejected_ByStrictProfile" classname="Starfall.Tests.EditMode.ContractFixtureTests" runstate="Runnable" seed="2130971653" result="Passed" start-time="2026-09-23 14:49:42Z" end-time="2026-09-23 14:49:42Z" duration="0.000281" asserts="0">
                  <properties>
                    <property name="retryIteration" value="0" />
                    <property name="repeatIteration" value="0" />
                  </properties>
                  <output><![CDATA[PING_REPLY/payload-unknown-field.json rejected: Could not find member 'client_sent_at' on object of type 'PingReplyPayload'. Path 'payload.client_sent_at', line 10, position 21.
]]></output>
                </test-case>
                <test-case id="1030" name="Invalid_Rejected_ByStrictProfile(COMMAND_RESULT/payload-unknown-field.json)" fullname="Starfall.Tests.EditMode.ContractFixtureTests.Invalid_Rejected_ByStrictProfile(COMMAND_RESULT/payload-unknown-field.json)" methodname="Invalid_Rejected_ByStrictProfile" classname="Starfall.Tests.EditMode.ContractFixtureTests" runstate="Runnable" seed="293703585" result="Passed" start-time="2026-09-23 14:49:42Z" end-time="2026-09-23 14:49:42Z" duration="0.000304" asserts="0">
                  <properties>
                    <property name="retryIteration" value="0" />
                    <property name="repeatIteration" value="0" />
                  </properties>
                  <output><![CDATA[COMMAND_RESULT/payload-unknown-field.json rejected: Could not find member 'queued_ticks' on object of type 'CommandResultPayload'. Path 'payload.queued_ticks', line 11, position 19.
]]></output>
                </test-case>
                <test-case id="1031" name="Invalid_Rejected_ByStrictProfile(SESSION_READY/missing-session-id.json)" fullname="Starfall.Tests.EditMode.ContractFixtureTests.Invalid_Rejected_ByStrictProfile(SESSION_READY/missing-session-id.json)" methodname="Invalid_Rejected_ByStrictProfile" classname="Starfall.Tests.EditMode.ContractFixtureTests" runstate="Runnable" seed="1619168401" result="Passed" start-time="2026-09-23 14:49:42Z" end-time="2026-09-23 14:49:42Z" duration="0.000288" asserts="0">
                  <properties>
                    <property name="retryIteration" value="0" />
                    <property name="repeatIteration" value="0" />
                  </properties>
                  <output><![CDATA[SESSION_READY/missing-session-id.json rejected: Required property 'session_id' not found in JSON. Path 'payload', line 12, position 3.
]]></output>
                </test-case>
                <test-case id="1032" name="Invalid_Rejected_ByStrictProfile(SESSION_OPENED/missing-world-id.json)" fullname="Starfall.Tests.EditMode.ContractFixtureTests.Invalid_Rejected_ByStrictProfile(SESSION_OPENED/missing-world-id.json)" methodname="Invalid_Rejected_ByStrictProfile" classname="Starfall.Tests.EditMode.ContractFixtureTests" runstate="Runnable" seed="705898957" result="Passed" start-time="2026-09-23 14:49:42Z" end-time="2026-09-23 14:49:42Z" duration="0.000313" asserts="0">
                  <properties>
                    <property name="retryIteration" value="0" />
                    <property name="repeatIteration" value="0" />
                  </properties>
                  <output><![CDATA[SESSION_OPENED/missing-world-id.json rejected: Required property 'world_id' not found in JSON. Path '', line 16, position 1.
]]></output>
                </test-case>
                <test-case id="1033" name="Invalid_Rejected_ByStrictProfile(SESSION_OPENED/actor-id-null.json)" fullname="Starfall.Tests.EditMode.ContractFixtureTests.Invalid_Rejected_ByStrictProfile(SESSION_OPENED/actor-id-null.json)" methodname="Invalid_Rejected_ByStrictProfile" classname="Starfall.Tests.EditMode.ContractFixtureTests" runstate="Runnable" seed="2037770048" result="Passed" start-time="2026-09-23 14:49:42Z" end-time="2026-09-23 14:49:42Z" duration="0.000495" asserts="0">
                  <properties>
                    <property name="retryIteration" value="0" />
                    <property name="repeatIteration" value="0" />
                  </properties>
                  <output><![CDATA[SESSION_OPENED/actor-id-null.json rejected: Error converting value {null} to type 'System.Guid'. Path 'actor_id', line 12, position 18.
]]></output>
                </test-case>
                <test-case id="1034" name="Invalid_Rejected_ByStrictProfile(SESSION_CLOSED/actor-id-null.json)" fullname="Starfall.Tests.EditMode.ContractFixtureTests.Invalid_Rejected_ByStrictProfile(SESSION_CLOSED/actor-id-null.json)" methodname="Invalid_Rejected_ByStrictProfile" classname="Starfall.Tests.EditMode.ContractFixtureTests" runstate="Runnable" seed="1368341439" result="Passed" start-time="2026-09-23 14:49:42Z" end-time="2026-09-23 14:49:42Z" duration="0.000296" asserts="0">
                  <properties>
                    <property name="retryIteration" value="0" />
                    <property name="repeatIteration" value="0" />
                  </properties>
                  <output><![CDATA[SESSION_CLOSED/actor-id-null.json rejected: Error converting value {null} to type 'System.Guid'. Path 'actor_id', line 12, position 18.
]]></output>
                </test-case>
                <test-case id="1035" name="Invalid_Rejected_ByStrictProfile(SESSION_CLOSED/correlation-id-null.json)" fullname="Starfall.Tests.EditMode.ContractFixtureTests.Invalid_Rejected_ByStrictProfile(SESSION_CLOSED/correlation-id-null.json)" methodname="Invalid_Rejected_ByStrictProfile" classname="Starfall.Tests.EditMode.ContractFixtureTests" runstate="Runnable" seed="1455691284" result="Passed" start-time="2026-09-23 14:49:42Z" end-time="2026-09-23 14:49:42Z" duration="0.000287" asserts="0">
                  <properties>
                    <property name="retryIteration" value="0" />
                    <property name="repeatIteration" value="0" />
                  </properties>
                  <output><![CDATA[SESSION_CLOSED/correlation-id-null.json rejected: Error converting value {null} to type 'System.Guid'. Path 'correlation_id', line 10, position 24.
]]></output>
                </test-case>
                <test-case id="1036" name="Invalid_Rejected_ByStrictProfile(SET_SHIP_CONTROL/position-field-injected.json)" fullname="Starfall.Tests.EditMode.ContractFixtureTests.Invalid_Rejected_ByStrictProfile(SET_SHIP_CONTROL/position-field-injected.json)" methodname="Invalid_Rejected_ByStrictProfile" classname="Starfall.Tests.EditMode.ContractFixtureTests" runstate="Runnable" seed="2077064957" result="Passed" start-time="2026-09-23 14:49:42Z" end-time="2026-09-23 14:49:42Z" duration="0.000286" asserts="0">
                  <properties>
                    <property name="retryIteration" value="0" />
                    <property name="repeatIteration" value="0" />
                  </properties>
                  <output><![CDATA[SET_SHIP_CONTROL/position-field-injected.json rejected: Could not find member 'position_x_mm' on object of type 'SetShipControlPayload'. Path 'payload.position_x_mm', line 18, position 20.
]]></output>
                </test-case>
                <test-case id="1037" name="Invalid_Rejected_ByStrictProfile(SET_SHIP_CONTROL/attitude-field-injected.json)" fullname="Starfall.Tests.EditMode.ContractFixtureTests.Invalid_Rejected_ByStrictProfile(SET_SHIP_CONTROL/attitude-field-injected.json)" methodname="Invalid_Rejected_ByStrictProfile" classname="Starfall.Tests.EditMode.ContractFixtureTests" runstate="Runnable" seed="23718057" result="Passed" start-time="2026-09-23 14:49:42Z" end-time="2026-09-23 14:49:42Z" duration="0.000279" asserts="0">
                  <properties>
                    <property name="retryIteration" value="0" />
                    <property name="repeatIteration" value="0" />
                  </properties>
                  <output><![CDATA[SET_SHIP_CONTROL/attitude-field-injected.json rejected: Could not find member 'orientation_x_micro' on object of type 'SetShipControlPayload'. Path 'payload.orientation_x_micro', line 18, position 26.
]]></output>
                </test-case>
                <test-case id="1038" name="Invalid_Rejected_ByStrictProfile(WORLD_SNAPSHOT/ship-missing-orientation-w.json)" fullname="Starfall.Tests.EditMode.ContractFixtureTests.Invalid_Rejected_ByStrictProfile(WORLD_SNAPSHOT/ship-missing-orientation-w.json)" methodname="Invalid_Rejected_ByStrictProfile" classname="Starfall.Tests.EditMode.ContractFixtureTests" runstate="Runnable" seed="1039315655" result="Passed" start-time="2026-09-23 14:49:42Z" end-time="2026-09-23 14:49:42Z" duration="0.000529" asserts="0">
                  <properties>
                    <property name="retryIteration" value="0" />
                    <property name="repeatIteration" value="0" />
                  </properties>
                  <output><![CDATA[WORLD_SNAPSHOT/ship-missing-orientation-w.json rejected: Required property 'orientation_w_micro' not found in JSON. Path 'payload.ships[0]', line 33, position 7.
]]></output>
                </test-case>
                <test-case id="1039" name="Invalid_Rejected_ByStrictProfile(WORLD_SNAPSHOT/angular-velocity-roll-missing.json)" fullname="Starfall.Tests.EditMode.ContractFixtureTests.Invalid_Rejected_ByStrictProfile(WORLD_SNAPSHOT/angular-velocity-roll-missing.json)" methodname="Invalid_Rejected_ByStrictProfile" classname="Starfall.Tests.EditMode.ContractFixtureTests" runstate="Runnable" seed="1645951906" result="Passed" start-time="2026-09-23 14:49:42Z" end-time="2026-09-23 14:49:42Z" duration="0.000355" asserts="0">
                  <properties>
                    <property name="retryIteration" value="0" />
                    <property name="repeatIteration" value="0" />
                  </properties>
                  <output><![CDATA[WORLD_SNAPSHOT/angular-velocity-roll-missing.json rejected: Required property 'angular_velocity_roll_mdeg_s' not found in JSON. Path 'payload.ships[0]', line 33, position 7.
]]></output>
                </test-case>
                <test-case id="1040" name="Invalid_Rejected_ByStrictProfile(SHIP_SPAWNED/actor-id-null.json)" fullname="Starfall.Tests.EditMode.ContractFixtureTests.Invalid_Rejected_ByStrictProfile(SHIP_SPAWNED/actor-id-null.json)" methodname="Invalid_Rejected_ByStrictProfile" classname="Starfall.Tests.EditMode.ContractFixtureTests" runstate="Runnable" seed="208742242" result="Passed" start-time="2026-09-23 14:49:42Z" end-time="2026-09-23 14:49:42Z" duration="0.000326" asserts="0">
                  <properties>
                    <property name="retryIteration" value="0" />
                    <property name="repeatIteration" value="0" />
                  </properties>
                  <output><![CDATA[SHIP_SPAWNED/actor-id-null.json rejected: Error converting value {null} to type 'System.Guid'. Path 'actor_id', line 12, position 18.
]]></output>
                </test-case>
                <test-case id="1041" name="Invalid_Rejected_ByStrictProfile(SHIP_SPAWNED/causation-id-null.json)" fullname="Starfall.Tests.EditMode.ContractFixtureTests.Invalid_Rejected_ByStrictProfile(SHIP_SPAWNED/causation-id-null.json)" methodname="Invalid_Rejected_ByStrictProfile" classname="Starfall.Tests.EditMode.ContractFixtureTests" runstate="Runnable" seed="284891906" result="Passed" start-time="2026-09-23 14:49:42Z" end-time="2026-09-23 14:49:42Z" duration="0.000292" asserts="0">
                  <properties>
                    <property name="retryIteration" value="0" />
                    <property name="repeatIteration" value="0" />
                  </properties>
                  <output><![CDATA[SHIP_SPAWNED/causation-id-null.json rejected: Error converting value {null} to type 'System.Guid'. Path 'causation_id', line 11, position 22.
]]></output>
                </test-case>
                <test-case id="1042" name="Invalid_Rejected_ByStrictProfile(SHIP_DESPAWNED/causation-id-null.json)" fullname="Starfall.Tests.EditMode.ContractFixtureTests.Invalid_Rejected_ByStrictProfile(SHIP_DESPAWNED/causation-id-null.json)" methodname="Invalid_Rejected_ByStrictProfile" classname="Starfall.Tests.EditMode.ContractFixtureTests" runstate="Runnable" seed="1504355365" result="Passed" start-time="2026-09-23 14:49:42Z" end-time="2026-09-23 14:49:42Z" duration="0.000303" asserts="0">
                  <properties>
                    <property name="retryIteration" value="0" />
                    <property name="repeatIteration" value="0" />
                  </properties>
                  <output><![CDATA[SHIP_DESPAWNED/causation-id-null.json rejected: Error converting value {null} to type 'System.Guid'. Path 'causation_id', line 11, position 22.
]]></output>
                </test-case>
              </test-suite>
              <test-case id="1044" name="Invalid_Rejected_VisitedEveryCSharpCase" fullname="Starfall.Tests.EditMode.ContractFixtureTests.Invalid_Rejected_VisitedEveryCSharpCase" methodname="Invalid_Rejected_VisitedEveryCSharpCase" classname="Starfall.Tests.EditMode.ContractFixtureTests" runstate="Runnable" seed="2094018371" result="Passed" start-time="2026-09-23 14:49:42Z" end-time="2026-09-23 14:49:42Z" duration="0.026654" asserts="0">
                <properties>
                  <property name="retryIteration" value="0" />
                  <property name="repeatIteration" value="0" />
                </properties>
                <output><![CDATA[visited PING_SERVER/actor-field-injected.json
visited PING_SERVER/probe-seq-negative.json
visited PING_SERVER/probe-seq-above-u32.json
visited PING_REPLY/missing-tick.json
visited PING_REPLY/payload-unknown-field.json
visited COMMAND_RESULT/payload-unknown-field.json
visited SESSION_READY/missing-session-id.json
visited SESSION_OPENED/missing-world-id.json
visited SESSION_OPENED/actor-id-null.json
visited SESSION_CLOSED/actor-id-null.json
visited SESSION_CLOSED/correlation-id-null.json
visited SET_SHIP_CONTROL/position-field-injected.json
visited SET_SHIP_CONTROL/attitude-field-injected.json
visited WORLD_SNAPSHOT/ship-missing-orientation-w.json
visited WORLD_SNAPSHOT/angular-velocity-roll-missing.json
visited SHIP_SPAWNED/actor-id-null.json
visited SHIP_SPAWNED/causation-id-null.json
visited SHIP_DESPAWNED/causation-id-null.json
counter-examples the C# layer must reject: 18
]]></output>
              </test-case>
              <test-case id="1072" name="NotDetectable_ListCoversExactlyTen" fullname="Starfall.Tests.EditMode.ContractFixtureTests.NotDetectable_ListCoversExactlyTen" methodname="NotDetectable_ListCoversExactlyTen" classname="Starfall.Tests.EditMode.ContractFixtureTests" runstate="Runnable" seed="854692414" result="Passed" start-time="2026-09-23 14:49:42Z" end-time="2026-09-23 14:49:42Z" duration="0.018035" asserts="0">
                <properties>
                  <property name="retryIteration" value="0" />
                  <property name="repeatIteration" value="0" />
                </properties>
                <output><![CDATA[recorded as undetectable in C#: PING_SERVER/command-id-not-v7.json
recorded as undetectable in C#: PING_REPLY/tick-above-safe-integer.json
recorded as undetectable in C#: COMMAND_RESULT/unknown-reason-code.json
recorded as undetectable in C#: SESSION_READY/tick-hz-zero.json
recorded as undetectable in C#: SESSION_CLOSED/unknown-close-reason.json
recorded as undetectable in C#: SET_SHIP_CONTROL/thrust-above-range.json
recorded as undetectable in C#: SET_SHIP_CONTROL/input-seq-zero.json
recorded as undetectable in C#: WORLD_SNAPSHOT/unknown-presence.json
recorded as undetectable in C#: WORLD_SNAPSHOT/hard-radius-above-ceiling.json
recorded as undetectable in C#: SHIP_DESPAWNED/session-closed-is-not-a-despawn.json
counter-examples C# is recorded as unable to detect: 10
]]></output>
              </test-case>
              <test-case id="1066" name="Runtime_ToleratesUnknownFieldInsideShipStateArrayElement_AndStrictThrows" fullname="Starfall.Tests.EditMode.ContractFixtureTests.Runtime_ToleratesUnknownFieldInsideShipStateArrayElement_AndStrictThrows" methodname="Runtime_ToleratesUnknownFieldInsideShipStateArrayElement_AndStrictThrows" classname="Starfall.Tests.EditMode.ContractFixtureTests" runstate="Runnable" seed="1585519313" result="Passed" start-time="2026-09-23 14:49:42Z" end-time="2026-09-23 14:49:42Z" duration="0.002985" asserts="0">
                <properties>
                  <property name="retryIteration" value="0" />
                  <property name="repeatIteration" value="0" />
                </properties>
                <output><![CDATA[ignored member at payload.ships[0].warp_charge_percent
Strict rejected: Could not find member 'warp_charge_percent' on object of type 'ShipState'. Path 'payload.ships[0].warp_charge_percent', line 25, position 42.
]]></output>
              </test-case>
              <test-case id="1069" name="UuidV7_MatchesSchemaPattern" fullname="Starfall.Tests.EditMode.ContractFixtureTests.UuidV7_MatchesSchemaPattern" methodname="UuidV7_MatchesSchemaPattern" classname="Starfall.Tests.EditMode.ContractFixtureTests" runstate="Runnable" seed="1727733061" result="Passed" start-time="2026-09-23 14:49:42Z" end-time="2026-09-23 14:49:42Z" duration="0.004468" asserts="0">
                <properties>
                  <property name="retryIteration" value="0" />
                  <property name="repeatIteration" value="0" />
                </properties>
                <output><![CDATA[pattern from contracts/common/primitives.schema.json: ^[0-9a-f]{8}-[0-9a-f]{4}-7[0-9a-f]{3}-[89ab][0-9a-f]{3}-[0-9a-f]{12}$
checked 1000 generated ids against the schema pattern
]]></output>
              </test-case>
              <test-case id="1070" name="UuidV7_NoDuplicatesWithinSameMillisecond" fullname="Starfall.Tests.EditMode.ContractFixtureTests.UuidV7_NoDuplicatesWithinSameMillisecond" methodname="UuidV7_NoDuplicatesWithinSameMillisecond" classname="Starfall.Tests.EditMode.ContractFixtureTests" runstate="Runnable" seed="1995684084" result="Passed" start-time="2026-09-23 14:49:42Z" end-time="2026-09-23 14:49:42Z" duration="0.031474" asserts="0">
                <properties>
                  <property name="retryIteration" value="0" />
                  <property name="repeatIteration" value="0" />
                </properties>
                <output><![CDATA[generated 10000 ids inside millisecond 1790174982422 (shared timestamp prefix 01a0cebe-7116), duplicates: 0
]]></output>
              </test-case>
[...]
]]></stack-trace>
                </failure>
              </test-case>
              <test-case id="1232" name="Compute_ExactlyOneTick_PredictsAndSendsOne" fullname="Starfall.Tests.EditMode.TickCatchUpTests.Compute_ExactlyOneTick_PredictsAndSendsOne" methodname="Compute_ExactlyOneTick_PredictsAndSendsOne" classname="Starfall.Tests.EditMode.TickCatchUpTests" runstate="Runnable" seed="1595527727" result="Failed" start-time="2026-09-23 14:49:42Z" end-time="2026-09-23 14:49:42Z" duration="0.000231" asserts="0">
                <properties>
                  <property name="retryIteration" value="0" />
                  <property name="repeatIteration" value="0" />
                </properties>
                <failure>
                  <message><![CDATA[  Expected: 1
  But was:  2
]]></message>
                  <stack-trace><![CDATA[at Starfall.Tests.EditMode.TickCatchUpTests.Compute_ExactlyOneTick_PredictsAndSendsOne () [0x00030] in C:\WorkSpace\SpaceHistoric\client\Assets\_Project\Tests\EditMode\TickCatchUpTests.cs:61
]]></stack-trace>
                </failure>
              </test-case>
              <test-case id="1231" name="Compute_LessThanOneTickAccumulated_PredictsAndSendsNothing" fullname="Starfall.Tests.EditMode.TickCatchUpTests.Compute_LessThanOneTickAccumulated_PredictsAndSendsNothing" methodname="Compute_LessThanOneTickAccumulated_PredictsAndSendsNothing" classname="Starfall.Tests.EditMode.TickCatchUpTests" runstate="Runnable" seed="1364478203" result="Passed" start-time="2026-09-23 14:49:42Z" end-time="2026-09-23 14:49:42Z" duration="0.000154" asserts="0">
                <properties>
                  <property name="retryIteration" value="0" />
                  <property name="repeatIteration" value="0" />
                </properties>
              </test-case>
              <test-case id="1243" name="Compute_NonPositiveTickDuration_Throws" fullname="Starfall.Tests.EditMode.TickCatchUpTests.Compute_NonPositiveTickDuration_Throws" methodname="Compute_NonPositiveTickDuration_Throws" classname="Starfall.Tests.EditMode.TickCatchUpTests" runstate="Runnable" seed="1081070770" result="Passed" start-time="2026-09-23 14:49:42Z" end-time="2026-09-23 14:49:42Z" duration="0.000243" asserts="0">
                <properties>
                  <property name="retryIteration" value="0" />
                  <property name="repeatIteration" value="0" />
                </properties>
              </test-case>
              <test-case id="1242" name="Compute_OverManyFramesIncludingA460msHitch_StillTracksWallClockWithinOneTick" fullname="Starfall.Tests.EditMode.TickCatchUpTests.Compute_OverManyFramesIncludingA460msHitch_StillTracksWallClockWithinOneTick" methodname="Compute_OverManyFramesIncludingA460msHitch_StillTracksWallClockWithinOneTick" classname="Starfall.Tests.EditMode.TickCatchUpTests" runstate="Runnable" seed="1745023218" result="Failed" start-time="2026-09-23 14:49:42Z" end-time="2026-09-23 14:49:42Z" duration="0.000275" asserts="0">
                <properties>
                  <property name="retryIteration" value="0" />
                  <property name="repeatIteration" value="0" />
                </properties>
                <failure>
                  <message><![CDATA[  invariant 1 holds through the hitch frame too, not just the calm frames
  Expected: less than or equal to 1
  But was:  2
]]></message>
                  <stack-trace><![CDATA[at Starfall.Tests.EditMode.TickCatchUpTests.Compute_OverManyFramesIncludingA460msHitch_StillTracksWallClockWithinOneTick () [0x000a0] in C:\WorkSpace\SpaceHistoric\client\Assets\_Project\Tests\EditMode\TickCatchUpTests.cs:193
]]></stack-trace>
                </failure>
              </test-case>
              <test-case id="1241" name="Compute_OverManyFramesWithModerateJitterNoHitch_PredictsAboutTwentyTicksPerWallClockSecond" fullname="Starfall.Tests.EditMode.TickCatchUpTests.Compute_OverManyFramesWithModerateJitterNoHitch_PredictsAboutTwentyTicksPerWallClockSecond" methodname="Compute_OverManyFramesWithModerateJitterNoHitch_PredictsAboutTwentyTicksPerWallClockSecond" classname="Starfall.Tests.EditMode.TickCatchUpTests" runstate="Runnable" seed="2055041617" result="Failed" start-time="2026-09-23 14:49:42Z" end-time="2026-09-23 14:49:42Z" duration="0.000300" asserts="0">
                <properties>
                  <property name="retryIteration" value="0" />
                  <property name="repeatIteration" value="0" />
                </properties>
                <failure>
                  <message><![CDATA[  invariant 1 (SC-89 (a)): never more than K=1 send per frame, regardless of how this frame's delta landed
  Expected: less than or equal to 1
  But was:  2
]]></message>
                  <stack-trace><![CDATA[at Starfall.Tests.EditMode.TickCatchUpTests.Compute_OverManyFramesWithModerateJitterNoHitch_PredictsAboutTwentyTicksPerWallClockSecond () [0x0006f] in C:\WorkSpace\SpaceHistoric\client\Assets\_Project\Tests\EditMode\TickCatchUpTests.cs:152
]]></stack-trace>
                </failure>
              </test-case>
              <test-case id="1230" name="Compute_TheR4EvidenceHitch_SendsOnlyOneNotNine" fullname="Starfall.Tests.EditMode.TickCatchUpTests.Compute_TheR4EvidenceHitch_SendsOnlyOneNotNine" methodname="Compute_TheR4EvidenceHitch_SendsOnlyOneNotNine" classname="Starfall.Tests.EditMode.TickCatchUpTests" runstate="Runnable" seed="912367896" result="Failed" start-time="2026-09-23 14:49:42Z" end-time="2026-09-23 14:49:42Z" duration="0.000224" asserts="0">
                <properties>
                  <property name="retryIteration" value="0" />
                  <property name="repeatIteration" value="0" />
                </properties>
                <failure>
                  <message><![CDATA[  K=1: only the most recent input is worth sending, the rest are guaranteed server-side last-write-wins losers (ADR-0011 section 4)
  Expected: 1
  But was:  2
]]></message>
                  <stack-trace><![CDATA[at Starfall.Tests.EditMode.TickCatchUpTests.Compute_TheR4EvidenceHitch_SendsOnlyOneNotNine () [0x0003b] in C:\WorkSpace\SpaceHistoric\client\Assets\_Project\Tests\EditMode\TickCatchUpTests.cs:35
]]></stack-trace>
                </failure>
              </test-case>
              <test-suite type="ParameterizedMethod" id="1239" name="Compute_TicksToSend_NeverExceedsMaxSendsPerFrameOrTicksToPredict" fullname="Starfall.Tests.EditMode.TickCatchUpTests.Compute_TicksToSend_NeverExceedsMaxSendsPerFrameOrTicksToPredict" classname="Starfall.Tests.EditMode.TickCatchUpTests" runstate="Runnable" testcasecount="4" result="Failed" site="Child" start-time="2026-09-23 14:49:42Z" end-time="2026-09-23 14:49:42Z" duration="0.000950" total="4" passed="0" failed="4" inconclusive="0" skipped="0" asserts="0">
                <properties />
                <failure>
                  <message><![CDATA[One or more child tests had errors]]></message>
                </failure>
                <test-case id="1235" name="Compute_TicksToSend_NeverExceedsMaxSendsPerFrameOrTicksToPredict(0)" fullname="Starfall.Tests.EditMode.TickCatchUpTests.Compute_TicksToSend_NeverExceedsMaxSendsPerFrameOrTicksToPredict(0)" methodname="Compute_TicksToSend_NeverExceedsMaxSendsPerFrameOrTicksToPredict" classname="Starfall.Tests.EditMode.TickCatchUpTests" runstate="Runnable" seed="531998007" result="Failed" start-time="2026-09-23 14:49:42Z" end-time="2026-09-23 14:49:42Z" duration="0.000263" asserts="0">
                  <properties>
                    <property name="retryIteration" value="0" />
                    <property name="repeatIteration" value="0" />
                  </properties>
                  <failure>
                    <message><![CDATA[  Expected: less than or equal to 0
  But was:  1
]]></message>
                    <stack-trace><![CDATA[at Starfall.Tests.EditMode.TickCatchUpTests.Compute_TicksToSend_NeverExceedsMaxSendsPerFrameOrTicksToPredict (System.Int32 maxSendsPerFrame) [0x0001b] in C:\WorkSpace\SpaceHistoric\client\Assets\_Project\Tests\EditMode\TickCatchUpTests.cs:104
]]></stack-trace>
                  </failure>
                </test-case>
                <test-case id="1236" name="Compute_TicksToSend_NeverExceedsMaxSendsPerFrameOrTicksToPredict(1)" fullname="Starfall.Tests.EditMode.TickCatchUpTests.Compute_TicksToSend_NeverExceedsMaxSendsPerFrameOrTicksToPredict(1)" methodname="Compute_TicksToSend_NeverExceedsMaxSendsPerFrameOrTicksToPredict" classname="Starfall.Tests.EditMode.TickCatchUpTests" runstate="Runnable" seed="1240299776" result="Failed" start-time="2026-09-23 14:49:42Z" end-time="2026-09-23 14:49:42Z" duration="0.000104" asserts="0">
                  <properties>
                    <property name="retryIteration" value="0" />
                    <property name="repeatIteration" value="0" />
                  </properties>
                  <failure>
                    <message><![CDATA[  Expected: less than or equal to 1
  But was:  2
]]></message>
                    <stack-trace><![CDATA[at Starfall.Tests.EditMode.TickCatchUpTests.Compute_TicksToSend_NeverExceedsMaxSendsPerFrameOrTicksToPredict (System.Int32 maxSendsPerFrame) [0x0001b] in C:\WorkSpace\SpaceHistoric\client\Assets\_Project\Tests\EditMode\TickCatchUpTests.cs:104
]]></stack-trace>
                  </failure>
                </test-case>
                <test-case id="1237" name="Compute_TicksToSend_NeverExceedsMaxSendsPerFrameOrTicksToPredict(3)" fullname="Starfall.Tests.EditMode.TickCatchUpTests.Compute_TicksToSend_NeverExceedsMaxSendsPerFrameOrTicksToPredict(3)" methodname="Compute_TicksToSend_NeverExceedsMaxSendsPerFrameOrTicksToPredict" classname="Starfall.Tests.EditMode.TickCatchUpTests" runstate="Runnable" seed="1240825458" result="Failed" start-time="2026-09-23 14:49:42Z" end-time="2026-09-23 14:49:42Z" duration="0.000092" asserts="0">
                  <properties>
                    <property name="retryIteration" value="0" />
                    <property name="repeatIteration" value="0" />
                  </properties>
                  <failure>
                    <message><![CDATA[  Expected: less than or equal to 3
  But was:  4
]]></message>
                    <stack-trace><![CDATA[at Starfall.Tests.EditMode.TickCatchUpTests.Compute_TicksToSend_NeverExceedsMaxSendsPerFrameOrTicksToPredict (System.Int32 maxSendsPerFrame) [0x0001b] in C:\WorkSpace\SpaceHistoric\client\Assets\_Project\Tests\EditMode\TickCatchUpTests.cs:104
]]></stack-trace>
                  </failure>
                </test-case>
                <test-case id="1238" name="Compute_TicksToSend_NeverExceedsMaxSendsPerFrameOrTicksToPredict(8)" fullname="Starfall.Tests.EditMode.TickCatchUpTests.Compute_TicksToSend_NeverExceedsMaxSendsPerFrameOrTicksToPredict(8)" methodname="Compute_TicksToSend_NeverExceedsMaxSendsPerFrameOrTicksToPredict" classname="Starfall.Tests.EditMode.TickCatchUpTests" runstate="Runnable" seed="1672287756" result="Failed" start-time="2026-09-23 14:49:42Z" end-time="2026-09-23 14:49:42Z" duration="0.000088" asserts="0">
                  <properties>
                    <property name="retryIteration" value="0" />
                    <property name="repeatIteration" value="0" />
                  </properties>
                  <failure>
                    <message><![CDATA[  Expected: less than or equal to 8
  But was:  9
]]></message>
                    <stack-trace><![CDATA[at Starfall.Tests.EditMode.TickCatchUpTests.Compute_TicksToSend_NeverExceedsMaxSendsPerFrameOrTicksToPredict (System.Int32 maxSendsPerFrame) [0x0001b] in C:\WorkSpace\SpaceHistoric\client\Assets\_Project\Tests\EditMode\TickCatchUpTests.cs:104
]]></stack-trace>
                  </failure>
                </test-case>
              </test-suite>
            </test-suite>
            <test-suite type="TestFixture" id="1244" name="TransportHandshakeTests" fullname="Starfall.Tests.EditMode.TransportHandshakeTests" classname="Starfall.Tests.EditMode.TransportHandshakeTests" runstate="Runnable" testcasecount="3" result="Passed" start-time="2026-09-23 14:49:42Z" end-time="2026-09-23 14:49:43Z" duration="0.442878" total="3" passed="3" failed="0" inconclusive="0" skipped="0" asserts="0">
              <properties />
              <test-case id="1246" name="FailedUpgrade_ReportsDisconnectWithoutAStatusCode" fullname="Starfall.Tests.EditMode.TransportHandshakeTests.FailedUpgrade_ReportsDisconnectWithoutAStatusCode" methodname="FailedUpgrade_ReportsDisconnectWithoutAStatusCode" classname="Starfall.Tests.EditMode.TransportHandshakeTests" runstate="Runnable" seed="2018014575" result="Passed" start-time="2026-09-23 14:49:42Z" end-time="2026-09-23 14:49:42Z" duration="0.083457" asserts="0">
                <properties>
                  <property name="retryIteration" value="0" />
                  <property name="repeatIteration" value="0" />
                </properties>
                <output><![CDATA[disconnect reported as: Failed WebSocketException(Success): Unable to connect to the remote server
]]></output>
              </test-case>
              <test-case id="1247" name="RemoteClose_WithApplicationRangeCode4001_IsReadableAsCloseCode" fullname="Starfall.Tests.EditMode.TransportHandshakeTests.RemoteClose_WithApplicationRangeCode4001_IsReadableAsCloseCode" methodname="RemoteClose_WithApplicationRangeCode4001_IsReadableAsCloseCode" classname="Starfall.Tests.EditMode.TransportHandshakeTests" runstate="Runnable" seed="1805055054" result="Passed" start-time="2026-09-23 14:49:42Z" end-time="2026-09-23 14:49:43Z" duration="0.355669" asserts="0">
                <properties>
                  <property name="retryIteration" value="0" />
                  <property name="repeatIteration" value="0" />
                </properties>
                <output><![CDATA[disconnect reported as: Remote code=4001 superseded by newer session
]]></output>
              </test-case>
              <test-case id="1245" name="Upgrade_CarriesTheAuthorizationHeader" fullname="Starfall.Tests.EditMode.TransportHandshakeTests.Upgrade_CarriesTheAuthorizationHeader" methodname="Upgrade_CarriesTheAuthorizationHeader" classname="Starfall.Tests.EditMode.TransportHandshakeTests" runstate="Runnable" seed="84609088" result="Passed" start-time="2026-09-23 14:49:43Z" end-time="2026-09-23 14:49:43Z" duration="0.003037" asserts="0">
                <properties>
                  <property name="retryIteration" value="0" />
                  <property name="repeatIteration" value="0" />
                </properties>
                <output><![CDATA[--- upgrade request as it reached the socket ---
GET /ws HTTP/1.1
Host: 127.0.0.1:51760
Connection: Upgrade
Upgrade: websocket
Sec-WebSocket-Version: 13
Sec-WebSocket-Key: +1Un31fhCkOeGSjz4shgzw==
Authorization: Bearer 01a0b1c2-7e57-7c11-8e57-000000000001.12004f438e12f26610239fdb6b24cfec619acee05a9d9c008e85e030b8312274


]]></output>
              </test-case>
            </test-suite>
            <test-suite type="TestFixture" id="1248" name="WorldSnapshotFastPathTests" fullname="Starfall.Tests.EditMode.WorldSnapshotFastPathTests" classname="Starfall.Tests.EditMode.WorldSnapshotFastPathTests" runstate="Runnable" testcasecount="5" result="Passed" start-time="2026-09-23 14:49:43Z" end-time="2026-09-23 14:49:43Z" duration="0.014521" total="5" passed="5" failed="0" inconclusive="0" skipped="0" asserts="0">
              <properties />
              <test-case id="1251" name="DirectPath_And_TreePath_ProduceIdenticalShipStates" fullname="Starfall.Tests.EditMode.WorldSnapshotFastPathTests.DirectPath_And_TreePath_ProduceIdenticalShipStates" methodname="DirectPath_And_TreePath_ProduceIdenticalShipStates" classname="Starfall.Tests.EditMode.WorldSnapshotFastPathTests" runstate="Runnable" seed="1100081656" result="Passed" start-time="2026-09-23 14:49:43Z" end-time="2026-09-23 14:49:43Z" duration="0.003017" asserts="0">
                <properties>
                  <property name="retryIteration" value="0" />
                  <property name="repeatIteration" value="0" />
                </properties>
                <output><![CDATA[direct and tree paths agree on 2 ship(s), tick 24000
]]></output>
              </test-case>
              <test-case id="1252" name="DirectPath_RejectsInvalidFixture_SameAsTreePath" fullname="Starfall.Tests.EditMode.WorldSnapshotFastPathTests.DirectPath_RejectsInvalidFixture_SameAsTreePath" methodname="DirectPath_RejectsInvalidFixture_SameAsTreePath" classname="Starfall.Tests.EditMode.WorldSnapshotFastPathTests" runstate="Runnable" seed="1179813624" result="Passed" start-time="2026-09-23 14:49:43Z" end-time="2026-09-23 14:49:43Z" duration="0.002297" asserts="0">
                <properties>
                  <property name="retryIteration" value="0" />
                  <property name="repeatIteration" value="0" />
                </properties>
                <output><![CDATA[WORLD_SNAPSHOT/angular-velocity-roll-missing.json via direct path : ok=False error=WORLD_SNAPSHOT did not match the generated DTO: Required property 'angular_velocity_roll_mdeg_s' not found in JSON. Path 'payload.ships[0]', line 33, position 7.
]]></output>
              </test-case>
              <test-case id="1253" name="OtherTypes_StillUseTreePath_Unaffected" fullname="Starfall.Tests.EditMode.WorldSnapshotFastPathTests.OtherTypes_StillUseTreePath_Unaffected" methodname="OtherTypes_StillUseTreePath_Unaffected" classname="Starfall.Tests.EditMode.WorldSnapshotFastPathTests" runstate="Runnable" seed="1975986887" result="Passed" start-time="2026-09-23 14:49:43Z" end-time="2026-09-23 14:49:43Z" duration="0.000234" asserts="0">
                <properties>
                  <property name="retryIteration" value="0" />
                  <property name="repeatIteration" value="0" />
                </properties>
              </test-case>
              <test-case id="1250" name="TryPeekTypeName_FindsDiscriminator_ForEveryValidMessageFixture" fullname="Starfall.Tests.EditMode.WorldSnapshotFastPathTests.TryPeekTypeName_FindsDiscriminator_ForEveryValidMessageFixture" methodname="TryPeekTypeName_FindsDiscriminator_ForEveryValidMessageFixture" classname="Starfall.Tests.EditMode.WorldSnapshotFastPathTests" runstate="Runnable" seed="1024837580" result="Passed" start-time="2026-09-23 14:49:43Z" end-time="2026-09-23 14:49:43Z" duration="0.005151" asserts="0">
                <properties>
                  <property name="retryIteration" value="0" />
                  <property name="repeatIteration" value="0" />
                </properties>
                <output><![CDATA[valid message fixtures checked: 21
]]></output>
              </test-case>
              <test-case id="1249" name="TryPeekTypeName_FindsDiscriminator_WithoutBuildingATree" fullname="Starfall.Tests.EditMode.WorldSnapshotFastPathTests.TryPeekTypeName_FindsDiscriminator_WithoutBuildingATree" methodname="TryPeekTypeName_FindsDiscriminator_WithoutBuildingATree" classname="Starfall.Tests.EditMode.WorldSnapshotFastPathTests" runstate="Runnable" seed="1231663666" result="Passed" start-time="2026-09-23 14:49:43Z" end-time="2026-09-23 14:49:43Z" duration="0.002668" asserts="0">
                <properties>
                  <property name="retryIteration" value="0" />
                  <property name="repeatIteration" value="0" />
                </properties>
                <output><![CDATA[WORLD_SNAPSHOT/two-ships-one-lingering.json : found=True typeName=WORLD_SNAPSHOT
WORLD_SNAPSHOT/empty-nulls-and-bounds.json : found=True typeName=WORLD_SNAPSHOT
Saving results to: C:/Users/CHOISOOYEON/AppData/LocalLow/Starfall/Starfall Dynasty\TestResults.xml
]]></output>
              </test-case>
            </test-suite>
          </test-suite>
        </test-suite>
      </test-suite>
    </test-suite>
  </test-suite>
</test-run>